{"/Users/ssen/Workspace/react-zeroconfig/src/browserslist.d.ts": {"path":"/Users/ssen/Workspace/react-zeroconfig/src/browserslist.d.ts","statementMap":{},"fnMap":{},"branchMap":{},"s":{},"f":{},"b":{},"hash":"c5fc0eef82c2e5c50e42d78c7fb3ea219f495838"}
,"/Users/ssen/Workspace/react-zeroconfig/src/createWebstormWebpackConfig.ts": {"path":"/Users/ssen/Workspace/react-zeroconfig/src/createWebstormWebpackConfig.ts","statementMap":{"0":{"start":{"line":2,"column":0},"end":{"line":2,"column":67}},"1":{"start":{"line":4,"column":45},"end":{"line":4,"column":64}},"2":{"start":{"line":5,"column":2},"end":{"line":9,"column":4}},"3":{"start":{"line":4,"column":0},"end":{"line":4,"column":16}}},"fnMap":{"0":{"name":"createWebstormWebpackConfig","decl":{"start":{"line":4,"column":16},"end":{"line":4,"column":43}},"loc":{"start":{"line":4,"column":86},"end":{"line":10,"column":1}}}},"branchMap":{"0":{"loc":{"start":{"line":4,"column":45},"end":{"line":4,"column":64}},"type":"cond-expr","locations":[{"start":{"line":4,"column":45},"end":{"line":4,"column":64}},{"start":{"line":4,"column":45},"end":{"line":4,"column":64}}]}},"s":{"0":0,"1":0,"2":0,"3":0},"f":{"0":0},"b":{"0":[0,0]}}
,"/Users/ssen/Workspace/react-zeroconfig/src/index.ts": {"path":"/Users/ssen/Workspace/react-zeroconfig/src/index.ts","statementMap":{"0":{"start":{"line":1,"column":0},"end":{"line":1,"column":9}},"1":{"start":{"line":1,"column":9},"end":{"line":1,"column":48}},"2":{"start":{"line":2,"column":0},"end":{"line":2,"column":9}},"3":{"start":{"line":2,"column":9},"end":{"line":2,"column":50}},"4":{"start":{"line":3,"column":0},"end":{"line":3,"column":9}},"5":{"start":{"line":3,"column":9},"end":{"line":3,"column":76}},"6":{"start":{"line":4,"column":0},"end":{"line":4,"column":9}},"7":{"start":{"line":4,"column":9},"end":{"line":4,"column":76}}},"fnMap":{},"branchMap":{},"s":{"0":0,"1":0,"2":0,"3":0,"4":0,"5":0,"6":0,"7":0},"f":{},"b":{}}
,"/Users/ssen/Workspace/react-zeroconfig/src/patchStorybookWebpackConfig.ts": {"path":"/Users/ssen/Workspace/react-zeroconfig/src/patchStorybookWebpackConfig.ts","statementMap":{"0":{"start":{"line":1,"column":0},"end":{"line":1,"column":26}},"1":{"start":{"line":2,"column":0},"end":{"line":2,"column":24}},"2":{"start":{"line":4,"column":0},"end":{"line":4,"column":83}},"3":{"start":{"line":5,"column":0},"end":{"line":5,"column":81}},"4":{"start":{"line":7,"column":28},"end":{"line":7,"column":33}},"5":{"start":{"line":9,"column":45},"end":{"line":9,"column":64}},"6":{"start":{"line":9,"column":66},"end":{"line":9,"column":72}},"7":{"start":{"line":10,"column":27},"end":{"line":10,"column":58}},"8":{"start":{"line":11,"column":25},"end":{"line":11,"column":54}},"9":{"start":{"line":13,"column":2},"end":{"line":13,"column":47}},"10":{"start":{"line":15,"column":2},"end":{"line":15,"column":50}},"11":{"start":{"line":19,"column":2},"end":{"line":70,"column":null}},"12":{"start":{"line":73,"column":2},"end":{"line":73,"column":16}},"13":{"start":{"line":9,"column":0},"end":{"line":9,"column":16}}},"fnMap":{"0":{"name":"patchStorybookWebpackConfig","decl":{"start":{"line":9,"column":16},"end":{"line":9,"column":43}},"loc":{"start":{"line":9,"column":112},"end":{"line":74,"column":1}}}},"branchMap":{"0":{"loc":{"start":{"line":9,"column":45},"end":{"line":9,"column":64}},"type":"cond-expr","locations":[{"start":{"line":9,"column":45},"end":{"line":9,"column":64}},{"start":{"line":9,"column":45},"end":{"line":9,"column":64}}]},"1":{"loc":{"start":{"line":21,"column":67},"end":{"line":35,"column":23}},"type":"cond-expr","locations":[{"start":{"line":21,"column":67},"end":{"line":35,"column":23}},{"start":{"line":35,"column":25},"end":{"line":35,"column":27}}]},"2":{"loc":{"start":{"line":21,"column":8},"end":{"line":21,"column":35}},"type":"binary-expr","locations":[{"start":{"line":21,"column":8},"end":{"line":21,"column":35}},{"start":{"line":21,"column":39},"end":{"line":21,"column":64}}]}},"s":{"0":0,"1":0,"2":0,"3":0,"4":0,"5":0,"6":0,"7":0,"8":0,"9":0,"10":0,"11":0,"12":0,"13":0},"f":{"0":0},"b":{"0":[0,0],"1":[0,0],"2":[0,0]}}
,"/Users/ssen/Workspace/react-zeroconfig/src/types.ts": {"path":"/Users/ssen/Workspace/react-zeroconfig/src/types.ts","statementMap":{"0":{"start":{"line":4,"column":13},"end":{"line":4,"column":61}},"1":{"start":{"line":5,"column":13},"end":{"line":5,"column":107}},"2":{"start":{"line":6,"column":13},"end":{"line":6,"column":60}},"3":{"start":{"line":13,"column":39},"end":{"line":13,"column":63}},"4":{"start":{"line":14,"column":38},"end":{"line":14,"column":61}},"5":{"start":{"line":15,"column":29},"end":{"line":15,"column":43}},"6":{"start":{"line":18,"column":2},"end":{"line":18,"column":40}},"7":{"start":{"line":17,"column":0},"end":{"line":17,"column":16}},"8":{"start":{"line":22,"column":2},"end":{"line":22,"column":39}},"9":{"start":{"line":21,"column":0},"end":{"line":21,"column":16}},"10":{"start":{"line":26,"column":2},"end":{"line":26,"column":27}},"11":{"start":{"line":25,"column":0},"end":{"line":25,"column":16}}},"fnMap":{"0":{"name":"isPackageCommand","decl":{"start":{"line":17,"column":16},"end":{"line":17,"column":32}},"loc":{"start":{"line":17,"column":48},"end":{"line":19,"column":1}}},"1":{"name":"isWebappCommand","decl":{"start":{"line":21,"column":16},"end":{"line":21,"column":31}},"loc":{"start":{"line":21,"column":47},"end":{"line":23,"column":1}}},"2":{"name":"isMode","decl":{"start":{"line":25,"column":16},"end":{"line":25,"column":22}},"loc":{"start":{"line":25,"column":35},"end":{"line":27,"column":1}}}},"branchMap":{},"s":{"0":2,"1":2,"2":2,"3":2,"4":2,"5":2,"6":3,"7":2,"8":10,"9":2,"10":9,"11":2},"f":{"0":3,"1":10,"2":9},"b":{}}
,"/Users/ssen/Workspace/react-zeroconfig/src/internalPackage/getInternalPackageEntry.ts": {"path":"/Users/ssen/Workspace/react-zeroconfig/src/internalPackage/getInternalPackageEntry.ts","statementMap":{"0":{"start":{"line":1,"column":0},"end":{"line":1,"column":26}},"1":{"start":{"line":2,"column":0},"end":{"line":2,"column":24}},"2":{"start":{"line":3,"column":0},"end":{"line":3,"column":45}},"3":{"start":{"line":5,"column":47},"end":{"line":5,"column":57}},"4":{"start":{"line":6,"column":2},"end":{"line":6,"column":90}},"5":{"start":{"line":6,"column":80},"end":{"line":6,"column":90}},"6":{"start":{"line":8,"column":37},"end":{"line":8,"column":null}},"7":{"start":{"line":8,"column":8},"end":{"line":8,"column":null}},"8":{"start":{"line":10,"column":2},"end":{"line":13,"column":61}},"9":{"start":{"line":11,"column":38},"end":{"line":11,"column":68}},"10":{"start":{"line":12,"column":30},"end":{"line":12,"column":81}},"11":{"start":{"line":13,"column":37},"end":{"line":13,"column":60}},"12":{"start":{"line":5,"column":0},"end":{"line":5,"column":22}}},"fnMap":{"0":{"name":"getInternalPackageEntry","decl":{"start":{"line":5,"column":22},"end":{"line":5,"column":45}},"loc":{"start":{"line":5,"column":80},"end":{"line":14,"column":null}}},"1":{"name":"(anonymous_3)","decl":{"start":{"line":11,"column":9},"end":{"line":11,"column":10}},"loc":{"start":{"line":11,"column":33},"end":{"line":11,"column":42}}},"2":{"name":"(anonymous_4)","decl":{"start":{"line":12,"column":9},"end":{"line":12,"column":10}},"loc":{"start":{"line":12,"column":25},"end":{"line":12,"column":34}}},"3":{"name":"(anonymous_5)","decl":{"start":{"line":13,"column":9},"end":{"line":13,"column":10}},"loc":{"start":{"line":13,"column":32},"end":{"line":13,"column":49}}}},"branchMap":{"0":{"loc":{"start":{"line":6,"column":2},"end":{"line":6,"column":90}},"type":"if","locations":[{"start":{"line":6,"column":2},"end":{"line":6,"column":90}},{"start":{"line":6,"column":2},"end":{"line":6,"column":90}}]},"1":{"loc":{"start":{"line":6,"column":6},"end":{"line":6,"column":36}},"type":"binary-expr","locations":[{"start":{"line":6,"column":6},"end":{"line":6,"column":36}},{"start":{"line":6,"column":40},"end":{"line":6,"column":78}}]}},"s":{"0":5,"1":5,"2":5,"3":15,"4":15,"5":5,"6":10,"7":10,"8":10,"9":26,"10":26,"11":26,"12":5},"f":{"0":15,"1":26,"2":26,"3":26},"b":{"0":[5,10],"1":[15,10]}}
,"/Users/ssen/Workspace/react-zeroconfig/src/internalPackage/getInternalPackagePublicDrectories.ts": {"path":"/Users/ssen/Workspace/react-zeroconfig/src/internalPackage/getInternalPackagePublicDrectories.ts","statementMap":{"0":{"start":{"line":1,"column":0},"end":{"line":1,"column":26}},"1":{"start":{"line":2,"column":0},"end":{"line":2,"column":24}},"2":{"start":{"line":3,"column":0},"end":{"line":3,"column":68}},"3":{"start":{"line":5,"column":58},"end":{"line":5,"column":68}},"4":{"start":{"line":6,"column":10},"end":{"line":6,"column":54}},"5":{"start":{"line":6,"column":2},"end":{"line":8,"column":113}},"6":{"start":{"line":7,"column":24},"end":{"line":7,"column":69}},"7":{"start":{"line":8,"column":31},"end":{"line":8,"column":112}},"8":{"start":{"line":5,"column":0},"end":{"line":5,"column":22}}},"fnMap":{"0":{"name":"getInternalPackagePublicDrectories","decl":{"start":{"line":5,"column":22},"end":{"line":5,"column":56}},"loc":{"start":{"line":5,"column":91},"end":{"line":9,"column":null}}},"1":{"name":"(anonymous_3)","decl":{"start":{"line":7,"column":9},"end":{"line":7,"column":20}},"loc":{"start":{"line":7,"column":20},"end":{"line":7,"column":28}}},"2":{"name":"(anonymous_4)","decl":{"start":{"line":8,"column":12},"end":{"line":8,"column":27}},"loc":{"start":{"line":8,"column":27},"end":{"line":8,"column":33}}}},"branchMap":{"0":{"loc":{"start":{"line":6,"column":10},"end":{"line":6,"column":54}},"type":"switch","locations":[{"start":{"line":6,"column":10},"end":{"line":6,"column":54}},{"start":{"line":6,"column":2},"end":{"line":8,"column":113}}]},"1":{"loc":{"start":{"line":8,"column":31},"end":{"line":8,"column":65}},"type":"binary-expr","locations":[{"start":{"line":8,"column":31},"end":{"line":8,"column":65}},{"start":{"line":8,"column":69},"end":{"line":8,"column":111}}]}},"s":{"0":3,"1":3,"2":3,"3":8,"4":8,"5":8,"6":12,"7":12,"8":3},"f":{"0":8,"1":12,"2":12},"b":{"0":[8,8],"1":[12,4]}}
,"/Users/ssen/Workspace/react-zeroconfig/src/packageScripts/buildPackages.ts": {"path":"/Users/ssen/Workspace/react-zeroconfig/src/packageScripts/buildPackages.ts","statementMap":{"0":{"start":{"line":1,"column":0},"end":{"line":1,"column":26}},"1":{"start":{"line":2,"column":0},"end":{"line":2,"column":59}},"2":{"start":{"line":3,"column":0},"end":{"line":3,"column":24}},"3":{"start":{"line":6,"column":0},"end":{"line":6,"column":41}},"4":{"start":{"line":7,"column":0},"end":{"line":7,"column":51}},"5":{"start":{"line":8,"column":0},"end":{"line":8,"column":85}},"6":{"start":{"line":9,"column":0},"end":{"line":9,"column":85}},"7":{"start":{"line":10,"column":0},"end":{"line":10,"column":67}},"8":{"start":{"line":11,"column":0},"end":{"line":11,"column":51}},"9":{"start":{"line":12,"column":0},"end":{"line":12,"column":85}},"10":{"start":{"line":14,"column":0},"end":{"line":14,"column":49}},"11":{"start":{"line":15,"column":0},"end":{"line":15,"column":45}},"12":{"start":{"line":16,"column":0},"end":{"line":16,"column":84}},"13":{"start":{"line":17,"column":0},"end":{"line":17,"column":90}},"14":{"start":{"line":18,"column":0},"end":{"line":18,"column":72}},"15":{"start":{"line":20,"column":31},"end":{"line":20,"column":60}},"16":{"start":{"line":22,"column":37},"end":{"line":22,"column":40}},"17":{"start":{"line":24,"column":4},"end":{"line":24,"column":50}},"18":{"start":{"line":26,"column":28},"end":{"line":26,"column":null}},"19":{"start":{"line":26,"column":10},"end":{"line":26,"column":null}},"20":{"start":{"line":27,"column":47},"end":{"line":27,"column":null}},"21":{"start":{"line":27,"column":10},"end":{"line":27,"column":null}},"22":{"start":{"line":28,"column":10},"end":{"line":28,"column":79}},"23":{"start":{"line":30,"column":76},"end":{"line":30,"column":null}},"24":{"start":{"line":30,"column":21},"end":{"line":30,"column":72}},"25":{"start":{"line":33,"column":10},"end":{"line":33,"column":36}},"26":{"start":{"line":34,"column":8},"end":{"line":34,"column":60}},"27":{"start":{"line":35,"column":8},"end":{"line":42,"column":11}},"28":{"start":{"line":45,"column":6},"end":{"line":45,"column":47}},"29":{"start":{"line":46,"column":6},"end":{"line":52,"column":8}},"30":{"start":{"line":54,"column":12},"end":{"line":81,"column":8}},"31":{"start":{"line":59,"column":23},"end":{"line":59,"column":null}},"32":{"start":{"line":83,"column":6},"end":{"line":83,"column":42}},"33":{"start":{"line":84,"column":6},"end":{"line":84,"column":18}},"34":{"start":{"line":84,"column":18},"end":{"line":84,"column":50}},"35":{"start":{"line":84,"column":6},"end":{"line":84,"column":51}},"36":{"start":{"line":87,"column":4},"end":{"line":87,"column":40}},"37":{"start":{"line":88,"column":4},"end":{"line":88,"column":25}},"38":{"start":{"line":22,"column":0},"end":{"line":22,"column":22}}},"fnMap":{"0":{"name":"buildPackages","decl":{"start":{"line":22,"column":22},"end":{"line":22,"column":35}},"loc":{"start":{"line":22,"column":56},"end":{"line":90,"column":null}}},"1":{"name":"(anonymous_3)","decl":{"start":{"line":59,"column":17},"end":{"line":59,"column":23}},"loc":{"start":{"line":59,"column":17},"end":{"line":59,"column":27}}}},"branchMap":{"0":{"loc":{"start":{"line":33,"column":10},"end":{"line":33,"column":36}},"type":"if","locations":[{"start":{"line":33,"column":10},"end":{"line":33,"column":36}},{"start":{"line":33,"column":10},"end":{"line":33,"column":36}}]}},"s":{"0":0,"1":0,"2":0,"3":0,"4":0,"5":0,"6":0,"7":0,"8":0,"9":0,"10":0,"11":0,"12":0,"13":0,"14":0,"15":0,"16":0,"17":0,"18":0,"19":0,"20":0,"21":0,"22":0,"23":0,"24":0,"25":0,"26":0,"27":0,"28":0,"29":0,"30":0,"31":0,"32":0,"33":0,"34":0,"35":0,"36":0,"37":0,"38":0},"f":{"0":0,"1":0},"b":{"0":[0,0]}}
,"/Users/ssen/Workspace/react-zeroconfig/src/packageScripts/createPackageBuildOptions.ts": {"path":"/Users/ssen/Workspace/react-zeroconfig/src/packageScripts/createPackageBuildOptions.ts","statementMap":{"0":{"start":{"line":1,"column":0},"end":{"line":1,"column":26}},"1":{"start":{"line":2,"column":0},"end":{"line":2,"column":24}},"2":{"start":{"line":4,"column":0},"end":{"line":4,"column":101}},"3":{"start":{"line":6,"column":0},"end":{"line":6,"column":45}},"4":{"start":{"line":8,"column":49},"end":{"line":8,"column":54}},"5":{"start":{"line":8,"column":56},"end":{"line":8,"column":59}},"6":{"start":{"line":9,"column":45},"end":{"line":9,"column":null}},"7":{"start":{"line":9,"column":88},"end":{"line":9,"column":161}},"8":{"start":{"line":9,"column":8},"end":{"line":9,"column":null}},"9":{"start":{"line":10,"column":8},"end":{"line":10,"column":91}},"10":{"start":{"line":11,"column":8},"end":{"line":11,"column":33}},"11":{"start":{"line":13,"column":8},"end":{"line":13,"column":48}},"12":{"start":{"line":15,"column":21},"end":{"line":15,"column":null}},"13":{"start":{"line":15,"column":7},"end":{"line":15,"column":21}},"14":{"start":{"line":16,"column":44},"end":{"line":16,"column":null}},"15":{"start":{"line":16,"column":10},"end":{"line":16,"column":null}},"16":{"start":{"line":18,"column":4},"end":{"line":22,"column":null}},"17":{"start":{"line":19,"column":6},"end":{"line":19,"column":80}},"18":{"start":{"line":20,"column":11},"end":{"line":22,"column":null}},"19":{"start":{"line":21,"column":6},"end":{"line":21,"column":96}},"20":{"start":{"line":24,"column":10},"end":{"line":24,"column":50}},"21":{"start":{"line":26,"column":4},"end":{"line":31,"column":7}},"22":{"start":{"line":33,"column":4},"end":{"line":33,"column":25}},"23":{"start":{"line":36,"column":2},"end":{"line":36,"column":22}},"24":{"start":{"line":8,"column":0},"end":{"line":8,"column":22}}},"fnMap":{"0":{"name":"createPackageBuildOptions","decl":{"start":{"line":8,"column":22},"end":{"line":8,"column":47}},"loc":{"start":{"line":8,"column":92},"end":{"line":37,"column":null}}},"1":{"name":"(anonymous_3)","decl":{"start":{"line":9,"column":73},"end":{"line":9,"column":84}},"loc":{"start":{"line":9,"column":84},"end":{"line":9,"column":90}}}},"branchMap":{"0":{"loc":{"start":{"line":9,"column":45},"end":{"line":9,"column":null}},"type":"switch","locations":[{"start":{"line":9,"column":45},"end":{"line":9,"column":null}},{"start":{"line":36,"column":2},"end":{"line":36,"column":22}}]},"1":{"loc":{"start":{"line":18,"column":4},"end":{"line":22,"column":null}},"type":"if","locations":[{"start":{"line":18,"column":4},"end":{"line":22,"column":null}},{"start":{"line":18,"column":4},"end":{"line":22,"column":null}}]},"2":{"loc":{"start":{"line":20,"column":11},"end":{"line":22,"column":null}},"type":"if","locations":[{"start":{"line":20,"column":11},"end":{"line":22,"column":null}},{"start":{"line":20,"column":11},"end":{"line":22,"column":null}}]}},"s":{"0":1,"1":1,"2":1,"3":1,"4":4,"5":4,"6":4,"7":8,"8":4,"9":4,"10":4,"11":4,"12":4,"13":8,"14":8,"15":8,"16":8,"17":1,"18":7,"19":1,"20":6,"21":6,"22":6,"23":2,"24":1},"f":{"0":4,"1":8},"b":{"0":[4,2],"1":[1,7],"2":[1,6]}}
,"/Users/ssen/Workspace/react-zeroconfig/src/packageScripts/createPackagePublishOptions.ts": {"path":"/Users/ssen/Workspace/react-zeroconfig/src/packageScripts/createPackagePublishOptions.ts","statementMap":{"0":{"start":{"line":1,"column":0},"end":{"line":1,"column":26}},"1":{"start":{"line":2,"column":0},"end":{"line":2,"column":55}},"2":{"start":{"line":3,"column":0},"end":{"line":3,"column":24}},"3":{"start":{"line":9,"column":54},"end":{"line":16,"column":1}},"4":{"start":{"line":9,"column":56},"end":{"line":9,"column":60}},"5":{"start":{"line":9,"column":62},"end":{"line":9,"column":72}},"6":{"start":{"line":10,"column":2},"end":{"line":15,"column":28}},"7":{"start":{"line":14,"column":19},"end":{"line":14,"column":97}},"8":{"start":{"line":15,"column":17},"end":{"line":15,"column":27}},"9":{"start":{"line":18,"column":51},"end":{"line":18,"column":56}},"10":{"start":{"line":18,"column":58},"end":{"line":18,"column":61}},"11":{"start":{"line":18,"column":63},"end":{"line":18,"column":70}},"12":{"start":{"line":18,"column":72},"end":{"line":18,"column":118}},"13":{"start":{"line":19,"column":8},"end":{"line":19,"column":67}},"14":{"start":{"line":21,"column":2},"end":{"line":23,"column":null}},"15":{"start":{"line":22,"column":4},"end":{"line":22,"column":68}},"16":{"start":{"line":25,"column":8},"end":{"line":29,"column":50}},"17":{"start":{"line":26,"column":24},"end":{"line":26,"column":81}},"18":{"start":{"line":27,"column":31},"end":{"line":27,"column":62}},"19":{"start":{"line":28,"column":28},"end":{"line":28,"column":61}},"20":{"start":{"line":29,"column":14},"end":{"line":29,"column":18}},"21":{"start":{"line":29,"column":24},"end":{"line":29,"column":49}},"22":{"start":{"line":31,"column":44},"end":{"line":33,"column":null}},"23":{"start":{"line":32,"column":30},"end":{"line":32,"column":34}},"24":{"start":{"line":32,"column":40},"end":{"line":32,"column":105}},"25":{"start":{"line":31,"column":8},"end":{"line":33,"column":null}},"26":{"start":{"line":35,"column":2},"end":{"line":39,"column":6}},"27":{"start":{"line":35,"column":60},"end":{"line":39,"column":5}},"28":{"start":{"line":18,"column":0},"end":{"line":18,"column":22}}},"fnMap":{"0":{"name":"(anonymous_0)","decl":{"start":{"line":9,"column":54},"end":{"line":9,"column":55}},"loc":{"start":{"line":9,"column":73},"end":{"line":16,"column":1}}},"1":{"name":"(anonymous_1)","decl":{"start":{"line":14,"column":10},"end":{"line":14,"column":15}},"loc":{"start":{"line":14,"column":15},"end":{"line":14,"column":24}}},"2":{"name":"(anonymous_2)","decl":{"start":{"line":15,"column":11},"end":{"line":15,"column":17}},"loc":{"start":{"line":15,"column":11},"end":{"line":15,"column":26}}},"3":{"name":"createPackagePublishOptions","decl":{"start":{"line":18,"column":22},"end":{"line":18,"column":49}},"loc":{"start":{"line":18,"column":213},"end":{"line":40,"column":null}}},"4":{"name":"(anonymous_6)","decl":{"start":{"line":26,"column":9},"end":{"line":26,"column":20}},"loc":{"start":{"line":26,"column":20},"end":{"line":26,"column":28}}},"5":{"name":"(anonymous_7)","decl":{"start":{"line":27,"column":12},"end":{"line":27,"column":27}},"loc":{"start":{"line":27,"column":27},"end":{"line":27,"column":33}}},"6":{"name":"(anonymous_8)","decl":{"start":{"line":28,"column":9},"end":{"line":28,"column":24}},"loc":{"start":{"line":28,"column":24},"end":{"line":28,"column":30}}},"7":{"name":"(anonymous_9)","decl":{"start":{"line":29,"column":12},"end":{"line":29,"column":13}},"loc":{"start":{"line":29,"column":19},"end":{"line":29,"column":31}}},"8":{"name":"(anonymous_10)","decl":{"start":{"line":32,"column":28},"end":{"line":32,"column":29}},"loc":{"start":{"line":32,"column":35},"end":{"line":32,"column":60}}},"9":{"name":"(anonymous_11)","decl":{"start":{"line":35,"column":33},"end":{"line":35,"column":34}},"loc":{"start":{"line":35,"column":55},"end":{"line":35,"column":61}}}},"branchMap":{"0":{"loc":{"start":{"line":14,"column":64},"end":{"line":14,"column":84}},"type":"cond-expr","locations":[{"start":{"line":14,"column":64},"end":{"line":14,"column":84}},{"start":{"line":14,"column":87},"end":{"line":14,"column":96}}]},"1":{"loc":{"start":{"line":14,"column":19},"end":{"line":14,"column":24}},"type":"binary-expr","locations":[{"start":{"line":14,"column":19},"end":{"line":14,"column":24}},{"start":{"line":14,"column":28},"end":{"line":14,"column":61}}]},"2":{"loc":{"start":{"line":18,"column":72},"end":{"line":18,"column":118}},"type":"cond-expr","locations":[{"start":{"line":18,"column":72},"end":{"line":18,"column":118}},{"start":{"line":18,"column":72},"end":{"line":18,"column":118}}]},"3":{"loc":{"start":{"line":21,"column":2},"end":{"line":23,"column":null}},"type":"if","locations":[{"start":{"line":21,"column":2},"end":{"line":23,"column":null}},{"start":{"line":21,"column":2},"end":{"line":23,"column":null}}]},"4":{"loc":{"start":{"line":21,"column":6},"end":{"line":21,"column":42}},"type":"binary-expr","locations":[{"start":{"line":21,"column":6},"end":{"line":21,"column":42}},{"start":{"line":21,"column":46},"end":{"line":21,"column":90}}]}},"s":{"0":0,"1":0,"2":0,"3":0,"4":0,"5":0,"6":0,"7":0,"8":0,"9":0,"10":0,"11":0,"12":0,"13":0,"14":0,"15":0,"16":0,"17":0,"18":0,"19":0,"20":0,"21":0,"22":0,"23":0,"24":0,"25":0,"26":0,"27":0,"28":0},"f":{"0":0,"1":0,"2":0,"3":0,"4":0,"5":0,"6":0,"7":0,"8":0,"9":0},"b":{"0":[0,0],"1":[0,0],"2":[0,0],"3":[0,0],"4":[0,0]}}
,"/Users/ssen/Workspace/react-zeroconfig/src/packageScripts/help.ts": {"path":"/Users/ssen/Workspace/react-zeroconfig/src/packageScripts/help.ts","statementMap":{"0":{"start":{"line":1,"column":0},"end":{"line":3,"column":36}}},"fnMap":{},"branchMap":{},"s":{"0":0},"f":{},"b":{}}
,"/Users/ssen/Workspace/react-zeroconfig/src/packageScripts/index.ts": {"path":"/Users/ssen/Workspace/react-zeroconfig/src/packageScripts/index.ts","statementMap":{"0":{"start":{"line":1,"column":0},"end":{"line":1,"column":29}},"1":{"start":{"line":2,"column":0},"end":{"line":2,"column":45}},"2":{"start":{"line":3,"column":0},"end":{"line":3,"column":48}},"3":{"start":{"line":4,"column":0},"end":{"line":4,"column":26}},"4":{"start":{"line":5,"column":0},"end":{"line":5,"column":54}},"5":{"start":{"line":6,"column":0},"end":{"line":6,"column":52}},"6":{"start":{"line":8,"column":58},"end":{"line":8,"column":77}},"7":{"start":{"line":9,"column":2},"end":{"line":12,"column":null}},"8":{"start":{"line":10,"column":4},"end":{"line":10,"column":22}},"9":{"start":{"line":11,"column":4},"end":{"line":11,"column":11}},"10":{"start":{"line":14,"column":9},"end":{"line":14,"column":20}},"11":{"start":{"line":16,"column":2},"end":{"line":16,"column":37}},"12":{"start":{"line":18,"column":2},"end":{"line":18,"column":31}},"13":{"start":{"line":19,"column":2},"end":{"line":19,"column":66}},"14":{"start":{"line":21,"column":6},"end":{"line":21,"column":13}},"15":{"start":{"line":22,"column":4},"end":{"line":22,"column":45}},"16":{"start":{"line":23,"column":4},"end":{"line":23,"column":31}},"17":{"start":{"line":24,"column":13},"end":{"line":24,"column":20}},"18":{"start":{"line":25,"column":4},"end":{"line":25,"column":33}},"19":{"start":{"line":27,"column":4},"end":{"line":27,"column":48}},"20":{"start":{"line":8,"column":0},"end":{"line":8,"column":22}}},"fnMap":{"0":{"name":"packageScripts","decl":{"start":{"line":8,"column":22},"end":{"line":8,"column":36}},"loc":{"start":{"line":8,"column":99},"end":{"line":29,"column":null}}}},"branchMap":{"0":{"loc":{"start":{"line":8,"column":58},"end":{"line":8,"column":77}},"type":"cond-expr","locations":[{"start":{"line":8,"column":58},"end":{"line":8,"column":77}},{"start":{"line":8,"column":58},"end":{"line":8,"column":77}}]},"1":{"loc":{"start":{"line":9,"column":2},"end":{"line":12,"column":null}},"type":"if","locations":[{"start":{"line":9,"column":2},"end":{"line":12,"column":null}},{"start":{"line":9,"column":2},"end":{"line":12,"column":null}}]},"2":{"loc":{"start":{"line":21,"column":6},"end":{"line":21,"column":13}},"type":"if","locations":[{"start":{"line":21,"column":6},"end":{"line":21,"column":13}},{"start":{"line":21,"column":6},"end":{"line":21,"column":13}}]},"3":{"loc":{"start":{"line":24,"column":13},"end":{"line":24,"column":20}},"type":"if","locations":[{"start":{"line":24,"column":13},"end":{"line":24,"column":20}},{"start":{"line":24,"column":13},"end":{"line":24,"column":20}}]}},"s":{"0":0,"1":0,"2":0,"3":0,"4":0,"5":0,"6":0,"7":0,"8":0,"9":0,"10":0,"11":0,"12":0,"13":0,"14":0,"15":0,"16":0,"17":0,"18":0,"19":0,"20":0},"f":{"0":0},"b":{"0":[0,0],"1":[0,0],"2":[0,0],"3":[0,0]}}
,"/Users/ssen/Workspace/react-zeroconfig/src/packageScripts/parsePackageArgv.ts": {"path":"/Users/ssen/Workspace/react-zeroconfig/src/packageScripts/parsePackageArgv.ts","statementMap":{"0":{"start":{"line":1,"column":0},"end":{"line":1,"column":48}},"1":{"start":{"line":2,"column":0},"end":{"line":2,"column":90}},"2":{"start":{"line":5,"column":27},"end":{"line":5,"column":45}},"3":{"start":{"line":6,"column":8},"end":{"line":6,"column":9}},"4":{"start":{"line":6,"column":9},"end":{"line":6,"column":26}},"5":{"start":{"line":8,"column":2},"end":{"line":10,"column":null}},"6":{"start":{"line":9,"column":4},"end":{"line":9,"column":76}},"7":{"start":{"line":12,"column":2},"end":{"line":14,"column":4}},"8":{"start":{"line":4,"column":0},"end":{"line":4,"column":16}}},"fnMap":{"0":{"name":"parsePackageArgv","decl":{"start":{"line":4,"column":16},"end":{"line":4,"column":32}},"loc":{"start":{"line":4,"column":51},"end":{"line":15,"column":1}}}},"branchMap":{"0":{"loc":{"start":{"line":8,"column":2},"end":{"line":10,"column":null}},"type":"if","locations":[{"start":{"line":8,"column":2},"end":{"line":10,"column":null}},{"start":{"line":8,"column":2},"end":{"line":10,"column":null}}]}},"s":{"0":1,"1":1,"2":3,"3":3,"4":3,"5":3,"6":1,"7":2,"8":1},"f":{"0":3},"b":{"0":[1,2]}}
,"/Users/ssen/Workspace/react-zeroconfig/src/packageScripts/publishPackages.ts": {"path":"/Users/ssen/Workspace/react-zeroconfig/src/packageScripts/publishPackages.ts","statementMap":{"0":{"start":{"line":1,"column":0},"end":{"line":1,"column":24}},"1":{"start":{"line":2,"column":0},"end":{"line":2,"column":85}},"2":{"start":{"line":4,"column":0},"end":{"line":4,"column":45}},"3":{"start":{"line":5,"column":0},"end":{"line":5,"column":45}},"4":{"start":{"line":6,"column":0},"end":{"line":6,"column":76}},"5":{"start":{"line":7,"column":0},"end":{"line":7,"column":62}},"6":{"start":{"line":9,"column":39},"end":{"line":9,"column":42}},"7":{"start":{"line":11,"column":28},"end":{"line":11,"column":null}},"8":{"start":{"line":11,"column":10},"end":{"line":11,"column":null}},"9":{"start":{"line":12,"column":51},"end":{"line":12,"column":null}},"10":{"start":{"line":12,"column":10},"end":{"line":12,"column":null}},"11":{"start":{"line":14,"column":4},"end":{"line":14,"column":43}},"12":{"start":{"line":15,"column":59},"end":{"line":15,"column":null}},"13":{"start":{"line":15,"column":10},"end":{"line":15,"column":null}},"14":{"start":{"line":17,"column":38},"end":{"line":17,"column":null}},"15":{"start":{"line":17,"column":21},"end":{"line":17,"column":38}},"16":{"start":{"line":18,"column":6},"end":{"line":18,"column":58}},"17":{"start":{"line":20,"column":12},"end":{"line":22,"column":72}},"18":{"start":{"line":24,"column":6},"end":{"line":24,"column":18}},"19":{"start":{"line":24,"column":18},"end":{"line":24,"column":58}},"20":{"start":{"line":24,"column":6},"end":{"line":24,"column":59}},"21":{"start":{"line":27,"column":4},"end":{"line":27,"column":42}},"22":{"start":{"line":28,"column":4},"end":{"line":28,"column":25}},"23":{"start":{"line":9,"column":0},"end":{"line":9,"column":22}}},"fnMap":{"0":{"name":"publishPackages","decl":{"start":{"line":9,"column":22},"end":{"line":9,"column":37}},"loc":{"start":{"line":9,"column":58},"end":{"line":30,"column":null}}}},"branchMap":{"0":{"loc":{"start":{"line":21,"column":10},"end":{"line":21,"column":72}},"type":"cond-expr","locations":[{"start":{"line":21,"column":10},"end":{"line":21,"column":72}},{"start":{"line":22,"column":10},"end":{"line":22,"column":71}}]}},"s":{"0":0,"1":0,"2":0,"3":0,"4":0,"5":0,"6":0,"7":0,"8":0,"9":0,"10":0,"11":0,"12":0,"13":0,"14":0,"15":0,"16":0,"17":0,"18":0,"19":0,"20":0,"21":0,"22":0,"23":0},"f":{"0":0},"b":{"0":[0,0]}}
,"/Users/ssen/Workspace/react-zeroconfig/src/packageScripts/selectPublishOptions.ts": {"path":"/Users/ssen/Workspace/react-zeroconfig/src/packageScripts/selectPublishOptions.ts","statementMap":{"0":{"start":{"line":1,"column":0},"end":{"line":1,"column":43}},"1":{"start":{"line":2,"column":0},"end":{"line":2,"column":28}},"2":{"start":{"line":5,"column":44},"end":{"line":5,"column":58}},"3":{"start":{"line":6,"column":44},"end":{"line":22,"column":null}},"4":{"start":{"line":10,"column":34},"end":{"line":10,"column":38}},"5":{"start":{"line":10,"column":40},"end":{"line":10,"column":58}},"6":{"start":{"line":10,"column":60},"end":{"line":10,"column":77}},"7":{"start":{"line":11,"column":37},"end":{"line":11,"column":64}},"8":{"start":{"line":12,"column":48},"end":{"line":12,"column":154}},"9":{"start":{"line":14,"column":6},"end":{"line":20,"column":8}},"10":{"start":{"line":6,"column":8},"end":{"line":22,"column":null}},"11":{"start":{"line":24,"column":8},"end":{"line":24,"column":61}},"12":{"start":{"line":26,"column":2},"end":{"line":26,"column":80}},"13":{"start":{"line":26,"column":48},"end":{"line":26,"column":79}},"14":{"start":{"line":5,"column":0},"end":{"line":5,"column":22}}},"fnMap":{"0":{"name":"selectPublishOptions","decl":{"start":{"line":5,"column":22},"end":{"line":5,"column":42}},"loc":{"start":{"line":5,"column":101},"end":{"line":27,"column":null}}},"1":{"name":"(anonymous_3)","decl":{"start":{"line":10,"column":32},"end":{"line":10,"column":33}},"loc":{"start":{"line":10,"column":78},"end":{"line":21,"column":5}}},"2":{"name":"(anonymous_4)","decl":{"start":{"line":26,"column":31},"end":{"line":26,"column":44}},"loc":{"start":{"line":26,"column":44},"end":{"line":26,"column":54}}}},"branchMap":{"0":{"loc":{"start":{"line":6,"column":44},"end":{"line":22,"column":null}},"type":"switch","locations":[{"start":{"line":6,"column":44},"end":{"line":22,"column":null}}]},"1":{"loc":{"start":{"line":12,"column":117},"end":{"line":12,"column":142}},"type":"cond-expr","locations":[{"start":{"line":12,"column":117},"end":{"line":12,"column":142}},{"start":{"line":12,"column":145},"end":{"line":12,"column":154}}]},"2":{"loc":{"start":{"line":12,"column":48},"end":{"line":12,"column":65}},"type":"binary-expr","locations":[{"start":{"line":12,"column":48},"end":{"line":12,"column":65}},{"start":{"line":12,"column":69},"end":{"line":12,"column":114}}]},"3":{"loc":{"start":{"line":16,"column":15},"end":{"line":16,"column":60}},"type":"cond-expr","locations":[{"start":{"line":16,"column":15},"end":{"line":16,"column":60}},{"start":{"line":17,"column":15},"end":{"line":17,"column":43}}]},"4":{"loc":{"start":{"line":19,"column":18},"end":{"line":19,"column":31}},"type":"binary-expr","locations":[{"start":{"line":19,"column":18},"end":{"line":19,"column":31}},{"start":{"line":19,"column":35},"end":{"line":19,"column":76}}]}},"s":{"0":0,"1":0,"2":0,"3":0,"4":0,"5":0,"6":0,"7":0,"8":0,"9":0,"10":0,"11":0,"12":0,"13":0,"14":0},"f":{"0":0,"1":0,"2":0},"b":{"0":[0],"1":[0,0],"2":[0,0],"3":[0,0],"4":[0,0]}}
,"/Users/ssen/Workspace/react-zeroconfig/src/runners/buildTypescriptDeclarations.ts": {"path":"/Users/ssen/Workspace/react-zeroconfig/src/runners/buildTypescriptDeclarations.ts","statementMap":{"0":{"start":{"line":1,"column":0},"end":{"line":1,"column":26}},"1":{"start":{"line":2,"column":0},"end":{"line":2,"column":24}},"2":{"start":{"line":3,"column":0},"end":{"line":3,"column":null}},"3":{"start":{"line":25,"column":51},"end":{"line":25,"column":55}},"4":{"start":{"line":25,"column":57},"end":{"line":25,"column":61}},"5":{"start":{"line":25,"column":63},"end":{"line":25,"column":78}},"6":{"start":{"line":25,"column":80},"end":{"line":25,"column":83}},"7":{"start":{"line":25,"column":85},"end":{"line":25,"column":94}},"8":{"start":{"line":25,"column":96},"end":{"line":25,"column":110}},"9":{"start":{"line":26,"column":8},"end":{"line":53,"column":4}},"10":{"start":{"line":55,"column":2},"end":{"line":55,"column":23}},"11":{"start":{"line":57,"column":8},"end":{"line":57,"column":58}},"12":{"start":{"line":58,"column":8},"end":{"line":58,"column":48}},"13":{"start":{"line":59,"column":8},"end":{"line":59,"column":98}},"14":{"start":{"line":61,"column":2},"end":{"line":69,"column":null}},"15":{"start":{"line":61,"column":13},"end":{"line":61,"column":27}},"16":{"start":{"line":62,"column":4},"end":{"line":68,"column":null}},"17":{"start":{"line":63,"column":12},"end":{"line":63,"column":32}},"18":{"start":{"line":64,"column":12},"end":{"line":64,"column":89}},"19":{"start":{"line":65,"column":6},"end":{"line":65,"column":115}},"20":{"start":{"line":67,"column":6},"end":{"line":67,"column":106}},"21":{"start":{"line":71,"column":2},"end":{"line":73,"column":null}},"22":{"start":{"line":72,"column":4},"end":{"line":72,"column":74}},"23":{"start":{"line":25,"column":0},"end":{"line":25,"column":22}}},"fnMap":{"0":{"name":"buildTypescriptDeclarations","decl":{"start":{"line":25,"column":22},"end":{"line":25,"column":49}},"loc":{"start":{"line":25,"column":146},"end":{"line":74,"column":null}}}},"branchMap":{"0":{"loc":{"start":{"line":37,"column":10},"end":{"line":37,"column":35}},"type":"binary-expr","locations":[{"start":{"line":37,"column":10},"end":{"line":37,"column":35}},{"start":{"line":37,"column":39},"end":{"line":37,"column":41}}]},"1":{"loc":{"start":{"line":48,"column":60},"end":{"line":52,"column":6}},"type":"cond-expr","locations":[{"start":{"line":48,"column":60},"end":{"line":52,"column":6}},{"start":{"line":52,"column":8},"end":{"line":52,"column":10}}]},"2":{"loc":{"start":{"line":62,"column":4},"end":{"line":68,"column":null}},"type":"if","locations":[{"start":{"line":62,"column":4},"end":{"line":68,"column":null}},{"start":{"line":62,"column":4},"end":{"line":68,"column":null}}]},"3":{"loc":{"start":{"line":62,"column":8},"end":{"line":62,"column":23}},"type":"binary-expr","locations":[{"start":{"line":62,"column":8},"end":{"line":62,"column":23}},{"start":{"line":62,"column":27},"end":{"line":62,"column":43}}]},"4":{"loc":{"start":{"line":71,"column":2},"end":{"line":73,"column":null}},"type":"if","locations":[{"start":{"line":71,"column":2},"end":{"line":73,"column":null}},{"start":{"line":71,"column":2},"end":{"line":73,"column":null}}]}},"s":{"0":0,"1":0,"2":0,"3":0,"4":0,"5":0,"6":0,"7":0,"8":0,"9":0,"10":0,"11":0,"12":0,"13":0,"14":0,"15":0,"16":0,"17":0,"18":0,"19":0,"20":0,"21":0,"22":0,"23":0},"f":{"0":0},"b":{"0":[0,0],"1":[0,0],"2":[0,0],"3":[0,0],"4":[0,0]}}
,"/Users/ssen/Workspace/react-zeroconfig/src/runners/copyServerPackageJson.ts": {"path":"/Users/ssen/Workspace/react-zeroconfig/src/runners/copyServerPackageJson.ts","statementMap":{"0":{"start":{"line":1,"column":0},"end":{"line":1,"column":26}},"1":{"start":{"line":2,"column":0},"end":{"line":2,"column":24}},"2":{"start":{"line":4,"column":45},"end":{"line":4,"column":49}},"3":{"start":{"line":4,"column":51},"end":{"line":4,"column":57}},"4":{"start":{"line":5,"column":25},"end":{"line":5,"column":null}},"5":{"start":{"line":5,"column":9},"end":{"line":5,"column":25}},"6":{"start":{"line":6,"column":2},"end":{"line":6,"column":40}},"7":{"start":{"line":7,"column":2},"end":{"line":7,"column":65}},"8":{"start":{"line":4,"column":0},"end":{"line":4,"column":22}}},"fnMap":{"0":{"name":"copyServerPackageJson","decl":{"start":{"line":4,"column":22},"end":{"line":4,"column":43}},"loc":{"start":{"line":4,"column":90},"end":{"line":8,"column":null}}}},"branchMap":{"0":{"loc":{"start":{"line":5,"column":25},"end":{"line":5,"column":null}},"type":"switch","locations":[{"start":{"line":5,"column":25},"end":{"line":5,"column":null}}]}},"s":{"0":0,"1":0,"2":0,"3":0,"4":0,"5":0,"6":0,"7":0,"8":0},"f":{"0":0},"b":{"0":[0]}}
,"/Users/ssen/Workspace/react-zeroconfig/src/runners/fsCopySourceFilter.ts": {"path":"/Users/ssen/Workspace/react-zeroconfig/src/runners/fsCopySourceFilter.ts","statementMap":{"0":{"start":{"line":1,"column":0},"end":{"line":1,"column":26}},"1":{"start":{"line":4,"column":2},"end":{"line":7,"column":null}},"2":{"start":{"line":5,"column":4},"end":{"line":5,"column":52}},"3":{"start":{"line":5,"column":35},"end":{"line":5,"column":52}},"4":{"start":{"line":6,"column":4},"end":{"line":6,"column":16}},"5":{"start":{"line":8,"column":2},"end":{"line":8,"column":15}},"6":{"start":{"line":3,"column":0},"end":{"line":3,"column":16}}},"fnMap":{"0":{"name":"fsCopySourceFilter","decl":{"start":{"line":3,"column":16},"end":{"line":3,"column":34}},"loc":{"start":{"line":3,"column":46},"end":{"line":9,"column":1}}}},"branchMap":{"0":{"loc":{"start":{"line":4,"column":2},"end":{"line":7,"column":null}},"type":"if","locations":[{"start":{"line":4,"column":2},"end":{"line":7,"column":null}},{"start":{"line":4,"column":2},"end":{"line":7,"column":null}}]},"1":{"loc":{"start":{"line":5,"column":4},"end":{"line":5,"column":52}},"type":"if","locations":[{"start":{"line":5,"column":4},"end":{"line":5,"column":52}},{"start":{"line":5,"column":4},"end":{"line":5,"column":52}}]}},"s":{"0":0,"1":0,"2":0,"3":0,"4":0,"5":0,"6":0},"f":{"0":0},"b":{"0":[0,0],"1":[0,0]}}
,"/Users/ssen/Workspace/react-zeroconfig/src/runners/runWebpack.ts": {"path":"/Users/ssen/Workspace/react-zeroconfig/src/runners/runWebpack.ts","statementMap":{"0":{"start":{"line":1,"column":0},"end":{"line":1,"column":56}},"1":{"start":{"line":4,"column":2},"end":{"line":19,"column":5}},"2":{"start":{"line":5,"column":4},"end":{"line":18,"column":7}},"3":{"start":{"line":6,"column":6},"end":{"line":17,"column":null}},"4":{"start":{"line":7,"column":8},"end":{"line":7,"column":22}},"5":{"start":{"line":9,"column":8},"end":{"line":16,"column":11}},"6":{"start":{"line":3,"column":0},"end":{"line":3,"column":16}}},"fnMap":{"0":{"name":"runWebpack","decl":{"start":{"line":3,"column":16},"end":{"line":3,"column":26}},"loc":{"start":{"line":3,"column":55},"end":{"line":20,"column":1}}},"1":{"name":"(anonymous_1)","decl":{"start":{"line":4,"column":29},"end":{"line":4,"column":30}},"loc":{"start":{"line":4,"column":45},"end":{"line":19,"column":3}}},"2":{"name":"(anonymous_2)","decl":{"start":{"line":5,"column":31},"end":{"line":5,"column":32}},"loc":{"start":{"line":5,"column":58},"end":{"line":18,"column":5}}}},"branchMap":{"0":{"loc":{"start":{"line":6,"column":6},"end":{"line":17,"column":null}},"type":"if","locations":[{"start":{"line":6,"column":6},"end":{"line":17,"column":null}},{"start":{"line":6,"column":6},"end":{"line":17,"column":null}}]},"1":{"loc":{"start":{"line":11,"column":13},"end":{"line":13,"column":null}},"type":"cond-expr","locations":[{"start":{"line":11,"column":13},"end":{"line":13,"column":null}},{"start":{"line":15,"column":14},"end":{"line":15,"column":33}}]}},"s":{"0":0,"1":0,"2":0,"3":0,"4":0,"5":0,"6":0},"f":{"0":0,"1":0,"2":0},"b":{"0":[0,0],"1":[0,0]}}
,"/Users/ssen/Workspace/react-zeroconfig/src/runners/watchWebpack.ts": {"path":"/Users/ssen/Workspace/react-zeroconfig/src/runners/watchWebpack.ts","statementMap":{"0":{"start":{"line":1,"column":0},"end":{"line":1,"column":58}},"1":{"start":{"line":2,"column":0},"end":{"line":2,"column":66}},"2":{"start":{"line":4,"column":59},"end":{"line":4,"column":null}},"3":{"start":{"line":5,"column":2},"end":{"line":26,"column":5}},"4":{"start":{"line":6,"column":40},"end":{"line":19,"column":6}},"5":{"start":{"line":7,"column":6},"end":{"line":18,"column":null}},"6":{"start":{"line":8,"column":8},"end":{"line":8,"column":30}},"7":{"start":{"line":10,"column":8},"end":{"line":17,"column":11}},"8":{"start":{"line":21,"column":4},"end":{"line":25,"column":6}},"9":{"start":{"line":22,"column":6},"end":{"line":24,"column":9}},"10":{"start":{"line":4,"column":0},"end":{"line":4,"column":16}}},"fnMap":{"0":{"name":"watchWebpack","decl":{"start":{"line":4,"column":16},"end":{"line":4,"column":28}},"loc":{"start":{"line":4,"column":99},"end":{"line":27,"column":1}}},"1":{"name":"(anonymous_1)","decl":{"start":{"line":5,"column":24},"end":{"line":5,"column":25}},"loc":{"start":{"line":5,"column":51},"end":{"line":26,"column":3}}},"2":{"name":"(anonymous_2)","decl":{"start":{"line":6,"column":83},"end":{"line":6,"column":84}},"loc":{"start":{"line":6,"column":110},"end":{"line":19,"column":5}}},"3":{"name":"(anonymous_3)","decl":{"start":{"line":21,"column":11},"end":{"line":21,"column":null}},"loc":{"start":{"line":21,"column":11},"end":{"line":25,"column":5}}},"4":{"name":"(anonymous_4)","decl":{"start":{"line":22,"column":21},"end":{"line":22,"column":null}},"loc":{"start":{"line":22,"column":21},"end":{"line":24,"column":7}}}},"branchMap":{"0":{"loc":{"start":{"line":4,"column":59},"end":{"line":4,"column":null}},"type":"if","locations":[{"start":{"line":4,"column":59},"end":{"line":4,"column":null}},{"start":{"line":4,"column":59},"end":{"line":4,"column":null}}]},"1":{"loc":{"start":{"line":7,"column":6},"end":{"line":18,"column":null}},"type":"if","locations":[{"start":{"line":7,"column":6},"end":{"line":18,"column":null}},{"start":{"line":7,"column":6},"end":{"line":18,"column":null}}]},"2":{"loc":{"start":{"line":12,"column":13},"end":{"line":14,"column":null}},"type":"cond-expr","locations":[{"start":{"line":12,"column":13},"end":{"line":14,"column":null}},{"start":{"line":16,"column":14},"end":{"line":16,"column":33}}]}},"s":{"0":0,"1":0,"2":0,"3":0,"4":0,"5":0,"6":0,"7":0,"8":0,"9":0,"10":0},"f":{"0":0,"1":0,"2":0,"3":0,"4":0},"b":{"0":[0,0],"1":[0,0],"2":[0,0]}}
,"/Users/ssen/Workspace/react-zeroconfig/src/runners/watingFiles.ts": {"path":"/Users/ssen/Workspace/react-zeroconfig/src/runners/watingFiles.ts","statementMap":{"0":{"start":{"line":1,"column":0},"end":{"line":1,"column":26}},"1":{"start":{"line":2,"column":0},"end":{"line":2,"column":26}},"2":{"start":{"line":4,"column":51},"end":{"line":4,"column":null}},"3":{"start":{"line":5,"column":2},"end":{"line":27,"column":5}},"4":{"start":{"line":6,"column":22},"end":{"line":6,"column":32}},"5":{"start":{"line":9,"column":6},"end":{"line":9,"column":54}},"6":{"start":{"line":13,"column":6},"end":{"line":20,"column":null}},"7":{"start":{"line":13,"column":30},"end":{"line":13,"column":50}},"8":{"start":{"line":14,"column":8},"end":{"line":14,"column":18}},"9":{"start":{"line":15,"column":13},"end":{"line":20,"column":null}},"10":{"start":{"line":16,"column":8},"end":{"line":16,"column":67}},"11":{"start":{"line":18,"column":8},"end":{"line":18,"column":85}},"12":{"start":{"line":19,"column":8},"end":{"line":19,"column":32}},"13":{"start":{"line":23,"column":4},"end":{"line":23,"column":12}},"14":{"start":{"line":4,"column":0},"end":{"line":4,"column":22}}},"fnMap":{"0":{"name":"watingFiles","decl":{"start":{"line":4,"column":22},"end":{"line":4,"column":33}},"loc":{"start":{"line":4,"column":78},"end":{"line":28,"column":null}}},"1":{"name":"(anonymous_3)","decl":{"start":{"line":5,"column":27},"end":{"line":5,"column":28}},"loc":{"start":{"line":5,"column":43},"end":{"line":27,"column":3}}},"2":{"name":"remain","decl":{"start":{"line":8,"column":13},"end":{"line":8,"column":19}},"loc":{"start":{"line":8,"column":19},"end":{"line":10,"column":5}}},"3":{"name":"start","decl":{"start":{"line":12,"column":13},"end":{"line":12,"column":18}},"loc":{"start":{"line":12,"column":18},"end":{"line":21,"column":5}}},"4":{"name":"(anonymous_6)","decl":{"start":{"line":13,"column":22},"end":{"line":13,"column":26}},"loc":{"start":{"line":13,"column":26},"end":{"line":13,"column":32}}}},"branchMap":{"0":{"loc":{"start":{"line":4,"column":51},"end":{"line":4,"column":null}},"type":"if","locations":[{"start":{"line":4,"column":51},"end":{"line":4,"column":null}},{"start":{"line":4,"column":51},"end":{"line":4,"column":null}}]},"1":{"loc":{"start":{"line":13,"column":6},"end":{"line":20,"column":null}},"type":"if","locations":[{"start":{"line":13,"column":6},"end":{"line":20,"column":null}},{"start":{"line":13,"column":6},"end":{"line":20,"column":null}}]},"2":{"loc":{"start":{"line":15,"column":13},"end":{"line":20,"column":null}},"type":"if","locations":[{"start":{"line":15,"column":13},"end":{"line":20,"column":null}},{"start":{"line":15,"column":13},"end":{"line":20,"column":null}}]}},"s":{"0":0,"1":0,"2":0,"3":0,"4":0,"5":0,"6":0,"7":0,"8":0,"9":0,"10":0,"11":0,"12":0,"13":0,"14":0},"f":{"0":0,"1":0,"2":0,"3":0,"4":0},"b":{"0":[0,0],"1":[0,0],"2":[0,0]}}
,"/Users/ssen/Workspace/react-zeroconfig/src/transpile/getBabelConfig.ts": {"path":"/Users/ssen/Workspace/react-zeroconfig/src/transpile/getBabelConfig.ts","statementMap":{"0":{"start":{"line":1,"column":0},"end":{"line":1,"column":62}},"1":{"start":{"line":5,"column":32},"end":{"line":5,"column":39}},"2":{"start":{"line":5,"column":41},"end":{"line":5,"column":44}},"3":{"start":{"line":6,"column":37},"end":{"line":6,"column":64}},"4":{"start":{"line":8,"column":2},"end":{"line":13,"column":null}},"5":{"start":{"line":9,"column":4},"end":{"line":9,"column":20}},"6":{"start":{"line":10,"column":4},"end":{"line":10,"column":101}},"7":{"start":{"line":11,"column":4},"end":{"line":11,"column":80}},"8":{"start":{"line":12,"column":4},"end":{"line":12,"column":101}},"9":{"start":{"line":15,"column":2},"end":{"line":95,"column":4}},"10":{"start":{"line":5,"column":0},"end":{"line":5,"column":16}}},"fnMap":{"0":{"name":"getBabelConfig","decl":{"start":{"line":5,"column":16},"end":{"line":5,"column":30}},"loc":{"start":{"line":5,"column":78},"end":{"line":96,"column":1}}}},"branchMap":{"0":{"loc":{"start":{"line":8,"column":2},"end":{"line":13,"column":null}},"type":"if","locations":[{"start":{"line":8,"column":2},"end":{"line":13,"column":null}},{"start":{"line":8,"column":2},"end":{"line":13,"column":null}}]}},"s":{"0":1,"1":2,"2":2,"3":2,"4":2,"5":0,"6":0,"7":0,"8":0,"9":2,"10":1},"f":{"0":2},"b":{"0":[0,2]}}
,"/Users/ssen/Workspace/react-zeroconfig/src/transpile/getBrowserslistQuery.ts": {"path":"/Users/ssen/Workspace/react-zeroconfig/src/transpile/getBrowserslistQuery.ts","statementMap":{"0":{"start":{"line":1,"column":0},"end":{"line":1,"column":47}},"1":{"start":{"line":3,"column":57},"end":{"line":23,"column":2}},"2":{"start":{"line":25,"column":38},"end":{"line":25,"column":41}},"3":{"start":{"line":26,"column":47},"end":{"line":26,"column":70}},"4":{"start":{"line":27,"column":2},"end":{"line":27,"column":103}},"5":{"start":{"line":25,"column":0},"end":{"line":25,"column":16}}},"fnMap":{"0":{"name":"getBrowserslistQuery","decl":{"start":{"line":25,"column":16},"end":{"line":25,"column":36}},"loc":{"start":{"line":25,"column":57},"end":{"line":28,"column":1}}}},"branchMap":{"0":{"loc":{"start":{"line":27,"column":9},"end":{"line":27,"column":14}},"type":"binary-expr","locations":[{"start":{"line":27,"column":9},"end":{"line":27,"column":14}},{"start":{"line":27,"column":18},"end":{"line":27,"column":74}},{"start":{"line":27,"column":78},"end":{"line":27,"column":102}}]},"1":{"loc":{"start":{"line":27,"column":31},"end":{"line":27,"column":59}},"type":"binary-expr","locations":[{"start":{"line":27,"column":31},"end":{"line":27,"column":59}},{"start":{"line":27,"column":63},"end":{"line":27,"column":73}}]}},"s":{"0":2,"1":2,"2":14,"3":14,"4":14,"5":2},"f":{"0":14},"b":{"0":[14,10,2],"1":[10,2]}}
,"/Users/ssen/Workspace/react-zeroconfig/src/transpile/getPackageJsonContentsOrderedNames.ts": {"path":"/Users/ssen/Workspace/react-zeroconfig/src/transpile/getPackageJsonContentsOrderedNames.ts","statementMap":{"0":{"start":{"line":8,"column":52},"end":{"line":8,"column":71}},"1":{"start":{"line":10,"column":4},"end":{"line":26,"column":null}},"2":{"start":{"line":11,"column":6},"end":{"line":25,"column":9}},"3":{"start":{"line":12,"column":8},"end":{"line":14,"column":null}},"4":{"start":{"line":13,"column":10},"end":{"line":13,"column":105}},"5":{"start":{"line":16,"column":8},"end":{"line":16,"column":44}},"6":{"start":{"line":19,"column":58},"end":{"line":19,"column":119}},"7":{"start":{"line":19,"column":85},"end":{"line":19,"column":89}},"8":{"start":{"line":19,"column":95},"end":{"line":19,"column":119}},"9":{"start":{"line":22,"column":8},"end":{"line":24,"column":null}},"10":{"start":{"line":23,"column":10},"end":{"line":23,"column":94}},"11":{"start":{"line":28,"column":4},"end":{"line":28,"column":27}},"12":{"start":{"line":31,"column":2},"end":{"line":56,"column":27}},"13":{"start":{"line":33,"column":6},"end":{"line":33,"column":89}},"14":{"start":{"line":33,"column":29},"end":{"line":33,"column":89}},"15":{"start":{"line":34,"column":6},"end":{"line":37,"column":8}},"16":{"start":{"line":40,"column":32},"end":{"line":40,"column":33}},"17":{"start":{"line":41,"column":32},"end":{"line":41,"column":34}},"18":{"start":{"line":43,"column":29},"end":{"line":43,"column":55}},"19":{"start":{"line":44,"column":29},"end":{"line":44,"column":55}},"20":{"start":{"line":46,"column":6},"end":{"line":48,"column":null}},"21":{"start":{"line":47,"column":8},"end":{"line":47,"column":55}},"22":{"start":{"line":50,"column":6},"end":{"line":52,"column":null}},"23":{"start":{"line":51,"column":8},"end":{"line":51,"column":134}},"24":{"start":{"line":54,"column":6},"end":{"line":54,"column":43}},"25":{"start":{"line":56,"column":11},"end":{"line":56,"column":15}},"26":{"start":{"line":56,"column":21},"end":{"line":56,"column":26}},"27":{"start":{"line":8,"column":0},"end":{"line":8,"column":16}}},"fnMap":{"0":{"name":"getPackageJsonContentsOrderedNames","decl":{"start":{"line":8,"column":16},"end":{"line":8,"column":50}},"loc":{"start":{"line":8,"column":110},"end":{"line":57,"column":1}}},"1":{"name":"searchNestedDependencies","decl":{"start":{"line":9,"column":11},"end":{"line":9,"column":35}},"loc":{"start":{"line":9,"column":133},"end":{"line":29,"column":3}}},"2":{"name":"(anonymous_2)","decl":{"start":{"line":11,"column":40},"end":{"line":11,"column":54}},"loc":{"start":{"line":11,"column":54},"end":{"line":25,"column":7}}},"3":{"name":"(anonymous_3)","decl":{"start":{"line":19,"column":83},"end":{"line":19,"column":84}},"loc":{"start":{"line":19,"column":90},"end":{"line":19,"column":109}}},"4":{"name":"(anonymous_4)","decl":{"start":{"line":32,"column":25},"end":{"line":32,"column":36}},"loc":{"start":{"line":32,"column":36},"end":{"line":38,"column":5}}},"5":{"name":"(anonymous_5)","decl":{"start":{"line":39,"column":10},"end":{"line":39,"column":11}},"loc":{"start":{"line":39,"column":15},"end":{"line":55,"column":5}}},"6":{"name":"(anonymous_6)","decl":{"start":{"line":56,"column":9},"end":{"line":56,"column":10}},"loc":{"start":{"line":56,"column":16},"end":{"line":56,"column":25}}}},"branchMap":{"0":{"loc":{"start":{"line":10,"column":4},"end":{"line":26,"column":null}},"type":"if","locations":[{"start":{"line":10,"column":4},"end":{"line":26,"column":null}},{"start":{"line":10,"column":4},"end":{"line":26,"column":null}}]},"1":{"loc":{"start":{"line":12,"column":8},"end":{"line":14,"column":null}},"type":"if","locations":[{"start":{"line":12,"column":8},"end":{"line":14,"column":null}},{"start":{"line":12,"column":8},"end":{"line":14,"column":null}}]},"2":{"loc":{"start":{"line":22,"column":8},"end":{"line":24,"column":null}},"type":"if","locations":[{"start":{"line":22,"column":8},"end":{"line":24,"column":null}},{"start":{"line":22,"column":8},"end":{"line":24,"column":null}}]},"3":{"loc":{"start":{"line":22,"column":12},"end":{"line":22,"column":28}},"type":"binary-expr","locations":[{"start":{"line":22,"column":12},"end":{"line":22,"column":28}},{"start":{"line":22,"column":32},"end":{"line":22,"column":61}}]},"4":{"loc":{"start":{"line":33,"column":6},"end":{"line":33,"column":89}},"type":"if","locations":[{"start":{"line":33,"column":6},"end":{"line":33,"column":89}},{"start":{"line":33,"column":6},"end":{"line":33,"column":89}}]},"5":{"loc":{"start":{"line":46,"column":6},"end":{"line":48,"column":null}},"type":"if","locations":[{"start":{"line":46,"column":6},"end":{"line":48,"column":null}},{"start":{"line":46,"column":6},"end":{"line":48,"column":null}}]},"6":{"loc":{"start":{"line":46,"column":10},"end":{"line":46,"column":16}},"type":"binary-expr","locations":[{"start":{"line":46,"column":10},"end":{"line":46,"column":16}},{"start":{"line":46,"column":20},"end":{"line":46,"column":26}}]},"7":{"loc":{"start":{"line":47,"column":33},"end":{"line":47,"column":42}},"type":"cond-expr","locations":[{"start":{"line":47,"column":33},"end":{"line":47,"column":42}},{"start":{"line":47,"column":45},"end":{"line":47,"column":54}}]},"8":{"loc":{"start":{"line":50,"column":6},"end":{"line":52,"column":null}},"type":"if","locations":[{"start":{"line":50,"column":6},"end":{"line":52,"column":null}},{"start":{"line":50,"column":6},"end":{"line":52,"column":null}}]},"9":{"loc":{"start":{"line":50,"column":10},"end":{"line":50,"column":15}},"type":"binary-expr","locations":[{"start":{"line":50,"column":10},"end":{"line":50,"column":15}},{"start":{"line":50,"column":19},"end":{"line":50,"column":24}}]},"10":{"loc":{"start":{"line":54,"column":21},"end":{"line":54,"column":30}},"type":"cond-expr","locations":[{"start":{"line":54,"column":21},"end":{"line":54,"column":30}},{"start":{"line":54,"column":33},"end":{"line":54,"column":42}}]}},"s":{"0":8,"1":29,"2":25,"3":39,"4":1,"5":38,"6":38,"7":115,"8":115,"9":38,"10":9,"11":27,"12":8,"13":21,"14":1,"15":20,"16":24,"17":24,"18":24,"19":24,"20":24,"21":9,"22":15,"23":0,"24":15,"25":18,"26":18,"27":2},"f":{"0":8,"1":29,"2":39,"3":115,"4":21,"5":24,"6":18},"b":{"0":[25,4],"1":[1,38],"2":[9,29],"3":[38,19],"4":[1,20],"5":[9,15],"6":[24,15],"7":[9,0],"8":[0,15],"9":[15,9],"10":[9,6]}}
,"/Users/ssen/Workspace/react-zeroconfig/src/transpile/getTSConfigCompilerOptions.ts": {"path":"/Users/ssen/Workspace/react-zeroconfig/src/transpile/getTSConfigCompilerOptions.ts","statementMap":{"0":{"start":{"line":1,"column":0},"end":{"line":1,"column":null}},"1":{"start":{"line":10,"column":41},"end":{"line":15,"column":2}},"2":{"start":{"line":17,"column":44},"end":{"line":17,"column":47}},"3":{"start":{"line":17,"column":49},"end":{"line":17,"column":77}},"4":{"start":{"line":18,"column":45},"end":{"line":18,"column":92}},"5":{"start":{"line":20,"column":2},"end":{"line":20,"column":85}},"6":{"start":{"line":20,"column":23},"end":{"line":20,"column":85}},"7":{"start":{"line":22,"column":8},"end":{"line":22,"column":9}},"8":{"start":{"line":22,"column":9},"end":{"line":22,"column":15}},"9":{"start":{"line":22,"column":17},"end":{"line":22,"column":70}},"10":{"start":{"line":24,"column":2},"end":{"line":28,"column":null}},"11":{"start":{"line":25,"column":4},"end":{"line":25,"column":16}},"12":{"start":{"line":26,"column":9},"end":{"line":28,"column":null}},"13":{"start":{"line":27,"column":4},"end":{"line":27,"column":92}},"14":{"start":{"line":30,"column":9},"end":{"line":30,"column":16}},"15":{"start":{"line":32,"column":2},"end":{"line":32,"column":17}},"16":{"start":{"line":17,"column":0},"end":{"line":17,"column":16}}},"fnMap":{"0":{"name":"getTSConfigCompilerOptions","decl":{"start":{"line":17,"column":16},"end":{"line":17,"column":42}},"loc":{"start":{"line":17,"column":114},"end":{"line":33,"column":1}}}},"branchMap":{"0":{"loc":{"start":{"line":17,"column":49},"end":{"line":17,"column":77}},"type":"cond-expr","locations":[{"start":{"line":17,"column":49},"end":{"line":17,"column":77}},{"start":{"line":17,"column":49},"end":{"line":17,"column":77}}]},"1":{"loc":{"start":{"line":20,"column":2},"end":{"line":20,"column":85}},"type":"if","locations":[{"start":{"line":20,"column":2},"end":{"line":20,"column":85}},{"start":{"line":20,"column":2},"end":{"line":20,"column":85}}]},"2":{"loc":{"start":{"line":24,"column":2},"end":{"line":28,"column":null}},"type":"if","locations":[{"start":{"line":24,"column":2},"end":{"line":28,"column":null}},{"start":{"line":24,"column":2},"end":{"line":28,"column":null}}]},"3":{"loc":{"start":{"line":26,"column":9},"end":{"line":28,"column":null}},"type":"if","locations":[{"start":{"line":26,"column":9},"end":{"line":28,"column":null}},{"start":{"line":26,"column":9},"end":{"line":28,"column":null}}]}},"s":{"0":1,"1":1,"2":2,"3":4,"4":2,"5":2,"6":1,"7":1,"8":1,"9":1,"10":1,"11":0,"12":1,"13":0,"14":1,"15":1,"16":1},"f":{"0":2},"b":{"0":[2,0],"1":[1,1],"2":[0,1],"3":[0,1]}}
,"/Users/ssen/Workspace/react-zeroconfig/src/utils/createTmpDirectory.ts": {"path":"/Users/ssen/Workspace/react-zeroconfig/src/utils/createTmpDirectory.ts","statementMap":{"0":{"start":{"line":1,"column":0},"end":{"line":1,"column":26}},"1":{"start":{"line":2,"column":0},"end":{"line":2,"column":22}},"2":{"start":{"line":5,"column":9},"end":{"line":5,"column":17}},"3":{"start":{"line":6,"column":2},"end":{"line":6,"column":31}},"4":{"start":{"line":4,"column":0},"end":{"line":4,"column":22}}},"fnMap":{"0":{"name":"createTmpDirectory","decl":{"start":{"line":4,"column":22},"end":{"line":4,"column":40}},"loc":{"start":{"line":4,"column":40},"end":{"line":7,"column":null}}}},"branchMap":{},"s":{"0":1,"1":1,"2":1,"3":1,"4":1},"f":{"0":1},"b":{}}
,"/Users/ssen/Workspace/react-zeroconfig/src/utils/createTmpFixture.ts": {"path":"/Users/ssen/Workspace/react-zeroconfig/src/utils/createTmpFixture.ts","statementMap":{"0":{"start":{"line":1,"column":0},"end":{"line":1,"column":26}},"1":{"start":{"line":2,"column":0},"end":{"line":2,"column":24}},"2":{"start":{"line":3,"column":0},"end":{"line":3,"column":22}},"3":{"start":{"line":6,"column":8},"end":{"line":6,"column":71}},"4":{"start":{"line":7,"column":9},"end":{"line":7,"column":17}},"5":{"start":{"line":9,"column":2},"end":{"line":9,"column":28}},"6":{"start":{"line":11,"column":2},"end":{"line":11,"column":31}},"7":{"start":{"line":5,"column":0},"end":{"line":5,"column":22}}},"fnMap":{"0":{"name":"createTmpFixture","decl":{"start":{"line":5,"column":22},"end":{"line":5,"column":38}},"loc":{"start":{"line":5,"column":49},"end":{"line":12,"column":null}}}},"branchMap":{},"s":{"0":9,"1":9,"2":9,"3":23,"4":23,"5":46,"6":23,"7":9},"f":{"0":23},"b":{}}
,"/Users/ssen/Workspace/react-zeroconfig/src/utils/exec-promise.ts": {"path":"/Users/ssen/Workspace/react-zeroconfig/src/utils/exec-promise.ts","statementMap":{"0":{"start":{"line":1,"column":0},"end":{"line":1,"column":46}},"1":{"start":{"line":2,"column":0},"end":{"line":2,"column":33}},"2":{"start":{"line":4,"column":13},"end":{"line":4,"column":65}}},"fnMap":{},"branchMap":{},"s":{"0":0,"1":0,"2":0},"f":{},"b":{}}
,"/Users/ssen/Workspace/react-zeroconfig/src/utils/glob-promise.ts": {"path":"/Users/ssen/Workspace/react-zeroconfig/src/utils/glob-promise.ts","statementMap":{"0":{"start":{"line":1,"column":0},"end":{"line":1,"column":25}},"1":{"start":{"line":2,"column":0},"end":{"line":2,"column":33}},"2":{"start":{"line":4,"column":13},"end":{"line":4,"column":65}}},"fnMap":{},"branchMap":{},"s":{"0":6,"1":6,"2":6},"f":{},"b":{}}
,"/Users/ssen/Workspace/react-zeroconfig/src/utils/rimraf-promise.ts": {"path":"/Users/ssen/Workspace/react-zeroconfig/src/utils/rimraf-promise.ts","statementMap":{"0":{"start":{"line":1,"column":0},"end":{"line":1,"column":29}},"1":{"start":{"line":2,"column":0},"end":{"line":2,"column":33}},"2":{"start":{"line":4,"column":13},"end":{"line":4,"column":71}}},"fnMap":{},"branchMap":{},"s":{"0":0,"1":0,"2":0},"f":{},"b":{}}
,"/Users/ssen/Workspace/react-zeroconfig/src/utils/sayTitle.ts": {"path":"/Users/ssen/Workspace/react-zeroconfig/src/utils/sayTitle.ts","statementMap":{"0":{"start":{"line":1,"column":0},"end":{"line":1,"column":26}},"1":{"start":{"line":2,"column":0},"end":{"line":2,"column":28}},"2":{"start":{"line":5,"column":2},"end":{"line":5,"column":18}},"3":{"start":{"line":6,"column":2},"end":{"line":6,"column":67}},"4":{"start":{"line":7,"column":2},"end":{"line":7,"column":47}},"5":{"start":{"line":4,"column":0},"end":{"line":4,"column":16}}},"fnMap":{"0":{"name":"sayTitle","decl":{"start":{"line":4,"column":16},"end":{"line":4,"column":24}},"loc":{"start":{"line":4,"column":38},"end":{"line":8,"column":1}}}},"branchMap":{},"s":{"0":0,"1":0,"2":0,"3":0,"4":0,"5":0},"f":{"0":0},"b":{}}
,"/Users/ssen/Workspace/react-zeroconfig/src/utils/takeMinimistEveryValues.ts": {"path":"/Users/ssen/Workspace/react-zeroconfig/src/utils/takeMinimistEveryValues.ts","statementMap":{"0":{"start":{"line":2,"column":2},"end":{"line":4,"column":12}},"1":{"start":{"line":1,"column":0},"end":{"line":1,"column":16}}},"fnMap":{"0":{"name":"takeMinimistEveryValues","decl":{"start":{"line":1,"column":16},"end":{"line":1,"column":39}},"loc":{"start":{"line":1,"column":76},"end":{"line":5,"column":1}}}},"branchMap":{"0":{"loc":{"start":{"line":3,"column":6},"end":{"line":3,"column":21}},"type":"cond-expr","locations":[{"start":{"line":3,"column":6},"end":{"line":3,"column":21}},{"start":{"line":4,"column":6},"end":{"line":4,"column":11}}]}},"s":{"0":20,"1":2},"f":{"0":20},"b":{"0":[1,19]}}
,"/Users/ssen/Workspace/react-zeroconfig/src/utils/takeMinimistLatestValue.ts": {"path":"/Users/ssen/Workspace/react-zeroconfig/src/utils/takeMinimistLatestValue.ts","statementMap":{"0":{"start":{"line":2,"column":2},"end":{"line":2,"column":52}},"1":{"start":{"line":1,"column":0},"end":{"line":1,"column":16}}},"fnMap":{"0":{"name":"takeMinimistLatestValue","decl":{"start":{"line":1,"column":16},"end":{"line":1,"column":39}},"loc":{"start":{"line":1,"column":76},"end":{"line":3,"column":1}}}},"branchMap":{"0":{"loc":{"start":{"line":2,"column":32},"end":{"line":2,"column":43}},"type":"cond-expr","locations":[{"start":{"line":2,"column":32},"end":{"line":2,"column":43}},{"start":{"line":2,"column":46},"end":{"line":2,"column":51}}]}},"s":{"0":93,"1":2},"f":{"0":93},"b":{"0":[1,92]}}
,"/Users/ssen/Workspace/react-zeroconfig/src/webappScripts/buildBrowser.ts": {"path":"/Users/ssen/Workspace/react-zeroconfig/src/webappScripts/buildBrowser.ts","statementMap":{"0":{"start":{"line":1,"column":0},"end":{"line":1,"column":54}},"1":{"start":{"line":2,"column":0},"end":{"line":2,"column":26}},"2":{"start":{"line":3,"column":0},"end":{"line":3,"column":52}},"3":{"start":{"line":4,"column":0},"end":{"line":4,"column":59}},"4":{"start":{"line":5,"column":0},"end":{"line":5,"column":73}},"5":{"start":{"line":6,"column":0},"end":{"line":6,"column":24}},"6":{"start":{"line":7,"column":0},"end":{"line":7,"column":52}},"7":{"start":{"line":8,"column":0},"end":{"line":8,"column":49}},"8":{"start":{"line":10,"column":0},"end":{"line":10,"column":63}},"9":{"start":{"line":11,"column":0},"end":{"line":11,"column":41}},"10":{"start":{"line":12,"column":0},"end":{"line":12,"column":51}},"11":{"start":{"line":14,"column":0},"end":{"line":14,"column":45}},"12":{"start":{"line":15,"column":0},"end":{"line":15,"column":84}},"13":{"start":{"line":16,"column":0},"end":{"line":16,"column":88}},"14":{"start":{"line":17,"column":0},"end":{"line":17,"column":82}},"15":{"start":{"line":63,"column":37},"end":{"line":63,"column":41}},"16":{"start":{"line":64,"column":37},"end":{"line":64,"column":43}},"17":{"start":{"line":65,"column":37},"end":{"line":65,"column":40}},"18":{"start":{"line":66,"column":37},"end":{"line":66,"column":40}},"19":{"start":{"line":67,"column":37},"end":{"line":67,"column":47}},"20":{"start":{"line":68,"column":37},"end":{"line":68,"column":58}},"21":{"start":{"line":69,"column":37},"end":{"line":69,"column":46}},"22":{"start":{"line":70,"column":37},"end":{"line":70,"column":47}},"23":{"start":{"line":71,"column":37},"end":{"line":71,"column":48}},"24":{"start":{"line":72,"column":37},"end":{"line":72,"column":51}},"25":{"start":{"line":73,"column":37},"end":{"line":73,"column":50}},"26":{"start":{"line":74,"column":37},"end":{"line":74,"column":47}},"27":{"start":{"line":75,"column":37},"end":{"line":75,"column":43}},"28":{"start":{"line":76,"column":37},"end":{"line":76,"column":51}},"29":{"start":{"line":78,"column":8},"end":{"line":201,"column":4}},"30":{"start":{"line":148,"column":25},"end":{"line":148,"column":null}},"31":{"start":{"line":181,"column":34},"end":{"line":181,"column":60}},"32":{"start":{"line":182,"column":35},"end":{"line":182,"column":71}},"33":{"start":{"line":184,"column":10},"end":{"line":187,"column":13}},"34":{"start":{"line":204,"column":4},"end":{"line":204,"column":30}},"35":{"start":{"line":207,"column":8},"end":{"line":207,"column":14}},"36":{"start":{"line":207,"column":36},"end":{"line":207,"column":71}},"37":{"start":{"line":210,"column":10},"end":{"line":210,"column":56}},"38":{"start":{"line":211,"column":4},"end":{"line":211,"column":28}},"39":{"start":{"line":212,"column":4},"end":{"line":212,"column":99}},"40":{"start":{"line":212,"column":55},"end":{"line":212,"column":97}},"41":{"start":{"line":215,"column":4},"end":{"line":215,"column":16}},"42":{"start":{"line":215,"column":16},"end":{"line":215,"column":48}},"43":{"start":{"line":215,"column":4},"end":{"line":215,"column":49}},"44":{"start":{"line":217,"column":4},"end":{"line":217,"column":39}},"45":{"start":{"line":218,"column":4},"end":{"line":218,"column":25}},"46":{"start":{"line":62,"column":0},"end":{"line":62,"column":22}}},"fnMap":{"0":{"name":"buildBrowser","decl":{"start":{"line":62,"column":22},"end":{"line":62,"column":34}},"loc":{"start":{"line":77,"column":50},"end":{"line":220,"column":null}}},"1":{"name":"(anonymous_3)","decl":{"start":{"line":148,"column":20},"end":{"line":148,"column":21}},"loc":{"start":{"line":148,"column":21},"end":{"line":148,"column":26}}},"2":{"name":"(anonymous_4)","decl":{"start":{"line":180,"column":71},"end":{"line":180,"column":83}},"loc":{"start":{"line":180,"column":83},"end":{"line":188,"column":9}}},"3":{"name":"(anonymous_5)","decl":{"start":{"line":212,"column":48},"end":{"line":212,"column":51}},"loc":{"start":{"line":212,"column":51},"end":{"line":212,"column":57}}}},"branchMap":{"0":{"loc":{"start":{"line":82,"column":39},"end":{"line":82,"column":44}},"type":"cond-expr","locations":[{"start":{"line":82,"column":39},"end":{"line":82,"column":44}},{"start":{"line":82,"column":47},"end":{"line":82,"column":59}}]},"1":{"loc":{"start":{"line":128,"column":18},"end":{"line":131,"column":null}},"type":"cond-expr","locations":[{"start":{"line":128,"column":18},"end":{"line":131,"column":null}},{"start":{"line":132,"column":18},"end":{"line":132,"column":23}}]},"2":{"loc":{"start":{"line":172,"column":41},"end":{"line":177,"column":10}},"type":"cond-expr","locations":[{"start":{"line":172,"column":41},"end":{"line":177,"column":10}},{"start":{"line":177,"column":12},"end":{"line":177,"column":14}}]},"3":{"loc":{"start":{"line":180,"column":46},"end":{"line":188,"column":10}},"type":"cond-expr","locations":[{"start":{"line":180,"column":46},"end":{"line":188,"column":10}},{"start":{"line":188,"column":13},"end":{"line":188,"column":15}}]},"4":{"loc":{"start":{"line":207,"column":8},"end":{"line":207,"column":14}},"type":"if","locations":[{"start":{"line":207,"column":8},"end":{"line":207,"column":14}},{"start":{"line":207,"column":8},"end":{"line":207,"column":14}}]}},"s":{"0":0,"1":0,"2":0,"3":0,"4":0,"5":0,"6":0,"7":0,"8":0,"9":0,"10":0,"11":0,"12":0,"13":0,"14":0,"15":0,"16":0,"17":0,"18":0,"19":0,"20":0,"21":0,"22":0,"23":0,"24":0,"25":0,"26":0,"27":0,"28":0,"29":0,"30":0,"31":0,"32":0,"33":0,"34":0,"35":0,"36":0,"37":0,"38":0,"39":0,"40":0,"41":0,"42":0,"43":0,"44":0,"45":0,"46":0},"f":{"0":0,"1":0,"2":0,"3":0},"b":{"0":[0,0],"1":[0,0],"2":[0,0],"3":[0,0],"4":[0,0]}}
,"/Users/ssen/Workspace/react-zeroconfig/src/webappScripts/buildServer.ts": {"path":"/Users/ssen/Workspace/react-zeroconfig/src/webappScripts/buildServer.ts","statementMap":{"0":{"start":{"line":1,"column":0},"end":{"line":1,"column":26}},"1":{"start":{"line":2,"column":0},"end":{"line":2,"column":59}},"2":{"start":{"line":3,"column":0},"end":{"line":3,"column":24}},"3":{"start":{"line":5,"column":0},"end":{"line":5,"column":41}},"4":{"start":{"line":6,"column":0},"end":{"line":6,"column":51}},"5":{"start":{"line":7,"column":0},"end":{"line":7,"column":73}},"6":{"start":{"line":8,"column":0},"end":{"line":8,"column":51}},"7":{"start":{"line":10,"column":0},"end":{"line":10,"column":45}},"8":{"start":{"line":11,"column":0},"end":{"line":11,"column":84}},"9":{"start":{"line":12,"column":0},"end":{"line":12,"column":88}},"10":{"start":{"line":13,"column":0},"end":{"line":13,"column":82}},"11":{"start":{"line":49,"column":36},"end":{"line":49,"column":39}},"12":{"start":{"line":50,"column":36},"end":{"line":50,"column":40}},"13":{"start":{"line":51,"column":36},"end":{"line":51,"column":39}},"14":{"start":{"line":52,"column":36},"end":{"line":52,"column":42}},"15":{"start":{"line":53,"column":36},"end":{"line":53,"column":46}},"16":{"start":{"line":54,"column":36},"end":{"line":54,"column":46}},"17":{"start":{"line":55,"column":36},"end":{"line":55,"column":50}},"18":{"start":{"line":56,"column":36},"end":{"line":56,"column":45}},"19":{"start":{"line":58,"column":8},"end":{"line":58,"column":77}},"20":{"start":{"line":60,"column":2},"end":{"line":62,"column":null}},"21":{"start":{"line":61,"column":4},"end":{"line":61,"column":58}},"22":{"start":{"line":64,"column":8},"end":{"line":107,"column":4}},"23":{"start":{"line":110,"column":4},"end":{"line":110,"column":29}},"24":{"start":{"line":113,"column":4},"end":{"line":113,"column":16}},"25":{"start":{"line":113,"column":16},"end":{"line":113,"column":48}},"26":{"start":{"line":113,"column":4},"end":{"line":113,"column":49}},"27":{"start":{"line":116,"column":4},"end":{"line":119,"column":7}},"28":{"start":{"line":121,"column":4},"end":{"line":121,"column":38}},"29":{"start":{"line":122,"column":4},"end":{"line":122,"column":25}},"30":{"start":{"line":48,"column":0},"end":{"line":48,"column":22}}},"fnMap":{"0":{"name":"buildServer","decl":{"start":{"line":48,"column":22},"end":{"line":48,"column":33}},"loc":{"start":{"line":57,"column":49},"end":{"line":124,"column":null}}}},"branchMap":{"0":{"loc":{"start":{"line":60,"column":2},"end":{"line":62,"column":null}},"type":"if","locations":[{"start":{"line":60,"column":2},"end":{"line":62,"column":null}},{"start":{"line":60,"column":2},"end":{"line":62,"column":null}}]},"1":{"loc":{"start":{"line":69,"column":39},"end":{"line":69,"column":44}},"type":"cond-expr","locations":[{"start":{"line":69,"column":39},"end":{"line":69,"column":44}},{"start":{"line":69,"column":47},"end":{"line":69,"column":59}}]}},"s":{"0":0,"1":0,"2":0,"3":0,"4":0,"5":0,"6":0,"7":0,"8":0,"9":0,"10":0,"11":0,"12":0,"13":0,"14":0,"15":0,"16":0,"17":0,"18":0,"19":0,"20":0,"21":0,"22":0,"23":0,"24":0,"25":0,"26":0,"27":0,"28":0,"29":0,"30":0},"f":{"0":0},"b":{"0":[0,0],"1":[0,0]}}
,"/Users/ssen/Workspace/react-zeroconfig/src/webappScripts/createWebappConfig.ts": {"path":"/Users/ssen/Workspace/react-zeroconfig/src/webappScripts/createWebappConfig.ts","statementMap":{"0":{"start":{"line":1,"column":0},"end":{"line":1,"column":26}},"1":{"start":{"line":2,"column":0},"end":{"line":2,"column":24}},"2":{"start":{"line":3,"column":0},"end":{"line":3,"column":22}},"3":{"start":{"line":5,"column":0},"end":{"line":5,"column":45}},"4":{"start":{"line":6,"column":0},"end":{"line":6,"column":70}},"5":{"start":{"line":8,"column":42},"end":{"line":8,"column":46}},"6":{"start":{"line":8,"column":48},"end":{"line":8,"column":51}},"7":{"start":{"line":8,"column":53},"end":{"line":8,"column":67}},"8":{"start":{"line":9,"column":9},"end":{"line":9,"column":135}},"9":{"start":{"line":11,"column":8},"end":{"line":11,"column":56}},"10":{"start":{"line":11,"column":2},"end":{"line":11,"column":120}},"11":{"start":{"line":11,"column":58},"end":{"line":11,"column":120}},"12":{"start":{"line":13,"column":42},"end":{"line":13,"column":null}},"13":{"start":{"line":13,"column":8},"end":{"line":13,"column":null}},"14":{"start":{"line":14,"column":8},"end":{"line":20,"column":38}},"15":{"start":{"line":21,"column":40},"end":{"line":21,"column":95}},"16":{"start":{"line":21,"column":8},"end":{"line":21,"column":null}},"17":{"start":{"line":22,"column":35},"end":{"line":22,"column":74}},"18":{"start":{"line":22,"column":8},"end":{"line":22,"column":null}},"19":{"start":{"line":22,"column":87},"end":{"line":22,"column":107}},"20":{"start":{"line":24,"column":2},"end":{"line":49,"column":4}},"21":{"start":{"line":8,"column":0},"end":{"line":8,"column":22}}},"fnMap":{"0":{"name":"createWebappConfig","decl":{"start":{"line":8,"column":22},"end":{"line":8,"column":40}},"loc":{"start":{"line":8,"column":125},"end":{"line":50,"column":null}}},"1":{"name":"(anonymous_3)","decl":{"start":{"line":22,"column":79},"end":{"line":22,"column":83}},"loc":{"start":{"line":22,"column":83},"end":{"line":22,"column":91}}}},"branchMap":{"0":{"loc":{"start":{"line":11,"column":2},"end":{"line":11,"column":120}},"type":"if","locations":[{"start":{"line":11,"column":2},"end":{"line":11,"column":120}},{"start":{"line":11,"column":2},"end":{"line":11,"column":120}}]},"1":{"loc":{"start":{"line":15,"column":6},"end":{"line":15,"column":36}},"type":"cond-expr","locations":[{"start":{"line":15,"column":6},"end":{"line":15,"column":36}},{"start":{"line":16,"column":6},"end":{"line":20,"column":37}}]},"2":{"loc":{"start":{"line":17,"column":8},"end":{"line":17,"column":26}},"type":"cond-expr","locations":[{"start":{"line":17,"column":8},"end":{"line":17,"column":26}},{"start":{"line":18,"column":8},"end":{"line":20,"column":37}}]},"3":{"loc":{"start":{"line":19,"column":10},"end":{"line":19,"column":37}},"type":"cond-expr","locations":[{"start":{"line":19,"column":10},"end":{"line":19,"column":37}},{"start":{"line":20,"column":10},"end":{"line":20,"column":37}}]}},"s":{"0":1,"1":1,"2":1,"3":1,"4":1,"5":4,"6":4,"7":4,"8":4,"9":4,"10":4,"11":1,"12":3,"13":3,"14":3,"15":3,"16":3,"17":3,"18":3,"19":0,"20":3,"21":1},"f":{"0":4,"1":0},"b":{"0":[1,3],"1":[2,1],"2":[0,1],"3":[0,1]}}
,"/Users/ssen/Workspace/react-zeroconfig/src/webappScripts/getStaticFileDirectories.ts": {"path":"/Users/ssen/Workspace/react-zeroconfig/src/webappScripts/getStaticFileDirectories.ts","statementMap":{"0":{"start":{"line":1,"column":0},"end":{"line":1,"column":26}},"1":{"start":{"line":2,"column":0},"end":{"line":2,"column":24}},"2":{"start":{"line":3,"column":0},"end":{"line":3,"column":107}},"3":{"start":{"line":6,"column":48},"end":{"line":6,"column":52}},"4":{"start":{"line":6,"column":54},"end":{"line":6,"column":57}},"5":{"start":{"line":7,"column":8},"end":{"line":7,"column":45}},"6":{"start":{"line":9,"column":6},"end":{"line":9,"column":13}},"7":{"start":{"line":10,"column":10},"end":{"line":11,"column":51}},"8":{"start":{"line":11,"column":24},"end":{"line":11,"column":50}},"9":{"start":{"line":13,"column":4},"end":{"line":13,"column":53}},"10":{"start":{"line":15,"column":10},"end":{"line":15,"column":61}},"11":{"start":{"line":17,"column":4},"end":{"line":19,"column":null}},"12":{"start":{"line":18,"column":6},"end":{"line":18,"column":50}},"13":{"start":{"line":21,"column":49},"end":{"line":21,"column":null}},"14":{"start":{"line":21,"column":10},"end":{"line":21,"column":null}},"15":{"start":{"line":23,"column":4},"end":{"line":23,"column":62}},"16":{"start":{"line":26,"column":2},"end":{"line":39,"column":null}},"17":{"start":{"line":27,"column":10},"end":{"line":36,"column":97}},"18":{"start":{"line":29,"column":19},"end":{"line":32,"column":10}},"19":{"start":{"line":33,"column":36},"end":{"line":33,"column":91}},"20":{"start":{"line":34,"column":8},"end":{"line":34,"column":62}},"21":{"start":{"line":36,"column":27},"end":{"line":36,"column":96}},"22":{"start":{"line":38,"column":4},"end":{"line":38,"column":54}},"23":{"start":{"line":41,"column":2},"end":{"line":41,"column":31}},"24":{"start":{"line":6,"column":0},"end":{"line":6,"column":22}}},"fnMap":{"0":{"name":"getStaticFileDirectories","decl":{"start":{"line":6,"column":22},"end":{"line":6,"column":46}},"loc":{"start":{"line":6,"column":91},"end":{"line":42,"column":null}}},"1":{"name":"(anonymous_3)","decl":{"start":{"line":11,"column":11},"end":{"line":11,"column":20}},"loc":{"start":{"line":11,"column":20},"end":{"line":11,"column":28}}},"2":{"name":"(anonymous_4)","decl":{"start":{"line":28,"column":11},"end":{"line":28,"column":22}},"loc":{"start":{"line":28,"column":22},"end":{"line":35,"column":7}}},"3":{"name":"(anonymous_5)","decl":{"start":{"line":36,"column":14},"end":{"line":36,"column":23}},"loc":{"start":{"line":36,"column":23},"end":{"line":36,"column":29}}}},"branchMap":{"0":{"loc":{"start":{"line":9,"column":6},"end":{"line":9,"column":13}},"type":"if","locations":[{"start":{"line":9,"column":6},"end":{"line":9,"column":13}},{"start":{"line":9,"column":6},"end":{"line":9,"column":13}}]},"1":{"loc":{"start":{"line":17,"column":4},"end":{"line":19,"column":null}},"type":"if","locations":[{"start":{"line":17,"column":4},"end":{"line":19,"column":null}},{"start":{"line":17,"column":4},"end":{"line":19,"column":null}}]},"2":{"loc":{"start":{"line":17,"column":8},"end":{"line":17,"column":42}},"type":"binary-expr","locations":[{"start":{"line":17,"column":8},"end":{"line":17,"column":42}},{"start":{"line":17,"column":46},"end":{"line":17,"column":88}}]},"3":{"loc":{"start":{"line":26,"column":2},"end":{"line":39,"column":null}},"type":"if","locations":[{"start":{"line":26,"column":2},"end":{"line":39,"column":null}},{"start":{"line":26,"column":2},"end":{"line":39,"column":null}}]},"4":{"loc":{"start":{"line":30,"column":14},"end":{"line":30,"column":48}},"type":"binary-expr","locations":[{"start":{"line":30,"column":14},"end":{"line":30,"column":48}},{"start":{"line":30,"column":52},"end":{"line":30,"column":54}}]},"5":{"loc":{"start":{"line":36,"column":27},"end":{"line":36,"column":55}},"type":"binary-expr","locations":[{"start":{"line":36,"column":27},"end":{"line":36,"column":55}},{"start":{"line":36,"column":59},"end":{"line":36,"column":95}}]}},"s":{"0":2,"1":2,"2":2,"3":6,"4":6,"5":6,"6":11,"7":1,"8":1,"9":1,"10":5,"11":5,"12":5,"13":5,"14":5,"15":5,"16":6,"17":1,"18":2,"19":2,"20":2,"21":2,"22":1,"23":6,"24":2},"f":{"0":6,"1":1,"2":2,"3":2},"b":{"0":[5,1],"1":[5,0],"2":[5,5],"3":[1,5],"4":[2,0],"5":[2,1]}}
,"/Users/ssen/Workspace/react-zeroconfig/src/webappScripts/help.ts": {"path":"/Users/ssen/Workspace/react-zeroconfig/src/webappScripts/help.ts","statementMap":{"0":{"start":{"line":1,"column":0},"end":{"line":18,"column":33}}},"fnMap":{},"branchMap":{},"s":{"0":0},"f":{},"b":{}}
[...]
,"/Users/ssen/Workspace/react-zeroconfig/src/webappScripts/watchServer.ts": {"path":"/Users/ssen/Workspace/react-zeroconfig/src/webappScripts/watchServer.ts","statementMap":{"0":{"start":{"line":1,"column":0},"end":{"line":1,"column":59}},"1":{"start":{"line":2,"column":0},"end":{"line":2,"column":24}},"2":{"start":{"line":4,"column":0},"end":{"line":4,"column":41}},"3":{"start":{"line":5,"column":0},"end":{"line":5,"column":51}},"4":{"start":{"line":6,"column":0},"end":{"line":6,"column":55}},"5":{"start":{"line":7,"column":0},"end":{"line":7,"column":53}},"6":{"start":{"line":9,"column":0},"end":{"line":9,"column":45}},"7":{"start":{"line":10,"column":0},"end":{"line":10,"column":84}},"8":{"start":{"line":11,"column":0},"end":{"line":11,"column":88}},"9":{"start":{"line":12,"column":0},"end":{"line":12,"column":82}},"10":{"start":{"line":46,"column":36},"end":{"line":46,"column":39}},"11":{"start":{"line":47,"column":36},"end":{"line":47,"column":39}},"12":{"start":{"line":48,"column":36},"end":{"line":48,"column":46}},"13":{"start":{"line":49,"column":36},"end":{"line":49,"column":46}},"14":{"start":{"line":50,"column":36},"end":{"line":50,"column":42}},"15":{"start":{"line":51,"column":36},"end":{"line":51,"column":45}},"16":{"start":{"line":52,"column":36},"end":{"line":52,"column":50}},"17":{"start":{"line":54,"column":8},"end":{"line":54,"column":77}},"18":{"start":{"line":56,"column":2},"end":{"line":56,"column":27}},"19":{"start":{"line":57,"column":2},"end":{"line":57,"column":41}},"20":{"start":{"line":59,"column":8},"end":{"line":102,"column":4}},"21":{"start":{"line":105,"column":2},"end":{"line":114,"column":5}},"22":{"start":{"line":107,"column":6},"end":{"line":107,"column":31}},"23":{"start":{"line":108,"column":6},"end":{"line":108,"column":34}},"24":{"start":{"line":111,"column":6},"end":{"line":111,"column":40}},"25":{"start":{"line":112,"column":6},"end":{"line":112,"column":27}},"26":{"start":{"line":45,"column":0},"end":{"line":45,"column":22}}},"fnMap":{"0":{"name":"watchServer","decl":{"start":{"line":45,"column":22},"end":{"line":45,"column":33}},"loc":{"start":{"line":53,"column":49},"end":{"line":115,"column":null}}},"1":{"name":"(anonymous_3)","decl":{"start":{"line":106,"column":10},"end":{"line":106,"column":24}},"loc":{"start":{"line":106,"column":24},"end":{"line":109,"column":5}}},"2":{"name":"(anonymous_4)","decl":{"start":{"line":110,"column":11},"end":{"line":110,"column":16}},"loc":{"start":{"line":110,"column":16},"end":{"line":113,"column":5}}}},"branchMap":{},"s":{"0":0,"1":0,"2":0,"3":0,"4":0,"5":0,"6":0,"7":0,"8":0,"9":0,"10":0,"11":0,"12":0,"13":0,"14":0,"15":0,"16":0,"17":0,"18":0,"19":0,"20":0,"21":0,"22":0,"23":0,"24":0,"25":0,"26":0},"f":{"0":0,"1":0,"2":0},"b":{}}
,"/Users/ssen/Workspace/react-zeroconfig/src/webpackConfigs/createWebpackBaseConfig.ts": {"path":"/Users/ssen/Workspace/react-zeroconfig/src/webpackConfigs/createWebpackBaseConfig.ts","statementMap":{"0":{"start":{"line":1,"column":0},"end":{"line":1,"column":20}},"1":{"start":{"line":2,"column":0},"end":{"line":2,"column":24}},"2":{"start":{"line":5,"column":41},"end":{"line":5,"column":55}},"3":{"start":{"line":6,"column":28},"end":{"line":6,"column":44}},"4":{"start":{"line":7,"column":36},"end":{"line":7,"column":77}},"5":{"start":{"line":9,"column":2},"end":{"line":11,"column":null}},"6":{"start":{"line":10,"column":4},"end":{"line":10,"column":36}},"7":{"start":{"line":13,"column":2},"end":{"line":39,"column":4}},"8":{"start":{"line":5,"column":0},"end":{"line":5,"column":16}}},"fnMap":{"0":{"name":"createWebpackBaseConfig","decl":{"start":{"line":5,"column":16},"end":{"line":5,"column":39}},"loc":{"start":{"line":5,"column":82},"end":{"line":40,"column":1}}}},"branchMap":{"0":{"loc":{"start":{"line":9,"column":2},"end":{"line":11,"column":null}},"type":"if","locations":[{"start":{"line":9,"column":2},"end":{"line":11,"column":null}},{"start":{"line":9,"column":2},"end":{"line":11,"column":null}}]},"1":{"loc":{"start":{"line":9,"column":6},"end":{"line":9,"column":38}},"type":"binary-expr","locations":[{"start":{"line":9,"column":6},"end":{"line":9,"column":38}},{"start":{"line":9,"column":42},"end":{"line":9,"column":86}}]}},"s":{"0":0,"1":0,"2":0,"3":0,"4":0,"5":0,"6":0,"7":0,"8":0},"f":{"0":0},"b":{"0":[0,0],"1":[0,0]}}
,"/Users/ssen/Workspace/react-zeroconfig/src/webpackConfigs/createWebpackEnvConfig.ts": {"path":"/Users/ssen/Workspace/react-zeroconfig/src/webpackConfigs/createWebpackEnvConfig.ts","statementMap":{"0":{"start":{"line":1,"column":0},"end":{"line":1,"column":54}},"1":{"start":{"line":3,"column":40},"end":{"line":3,"column":50}},"2":{"start":{"line":3,"column":52},"end":{"line":3,"column":62}},"3":{"start":{"line":4,"column":2},"end":{"line":11,"column":4}},"4":{"start":{"line":3,"column":0},"end":{"line":3,"column":16}}},"fnMap":{"0":{"name":"createWebpackEnvConfig","decl":{"start":{"line":3,"column":16},"end":{"line":3,"column":38}},"loc":{"start":{"line":3,"column":105},"end":{"line":12,"column":1}}}},"branchMap":{},"s":{"0":0,"1":0,"2":0,"3":0,"4":0},"f":{"0":0},"b":{}}
,"/Users/ssen/Workspace/react-zeroconfig/src/webpackConfigs/createWebpackPackageConfig.ts": {"path":"/Users/ssen/Workspace/react-zeroconfig/src/webpackConfigs/createWebpackPackageConfig.ts","statementMap":{"0":{"start":{"line":2,"column":0},"end":{"line":2,"column":62}},"1":{"start":{"line":3,"column":0},"end":{"line":3,"column":68}},"2":{"start":{"line":4,"column":0},"end":{"line":4,"column":66}},"3":{"start":{"line":6,"column":44},"end":{"line":6,"column":47}},"4":{"start":{"line":7,"column":30},"end":{"line":7,"column":34}},"5":{"start":{"line":9,"column":2},"end":{"line":50,"column":4}},"6":{"start":{"line":6,"column":0},"end":{"line":6,"column":16}}},"fnMap":{"0":{"name":"createWebpackPackageConfig","decl":{"start":{"line":6,"column":16},"end":{"line":6,"column":42}},"loc":{"start":{"line":6,"column":63},"end":{"line":51,"column":1}}}},"branchMap":{},"s":{"0":0,"1":0,"2":0,"3":0,"4":0,"5":0,"6":0},"f":{"0":0},"b":{}}
,"/Users/ssen/Workspace/react-zeroconfig/src/webpackConfigs/createWebpackWebappConfig.ts": {"path":"/Users/ssen/Workspace/react-zeroconfig/src/webpackConfigs/createWebpackWebappConfig.ts","statementMap":{"0":{"start":{"line":1,"column":0},"end":{"line":1,"column":76}},"1":{"start":{"line":2,"column":0},"end":{"line":2,"column":26}},"2":{"start":{"line":3,"column":0},"end":{"line":3,"column":24}},"3":{"start":{"line":4,"column":0},"end":{"line":4,"column":70}},"4":{"start":{"line":5,"column":0},"end":{"line":5,"column":30}},"5":{"start":{"line":7,"column":0},"end":{"line":7,"column":52}},"6":{"start":{"line":8,"column":0},"end":{"line":8,"column":70}},"7":{"start":{"line":9,"column":0},"end":{"line":9,"column":64}},"8":{"start":{"line":10,"column":0},"end":{"line":10,"column":62}},"9":{"start":{"line":11,"column":0},"end":{"line":11,"column":68}},"10":{"start":{"line":12,"column":0},"end":{"line":12,"column":66}},"11":{"start":{"line":14,"column":43},"end":{"line":14,"column":53}},"12":{"start":{"line":14,"column":55},"end":{"line":14,"column":58}},"13":{"start":{"line":14,"column":60},"end":{"line":14,"column":69}},"14":{"start":{"line":14,"column":71},"end":{"line":14,"column":81}},"15":{"start":{"line":15,"column":27},"end":{"line":15,"column":58}},"16":{"start":{"line":16,"column":25},"end":{"line":16,"column":54}},"17":{"start":{"line":18,"column":2},"end":{"line":117,"column":4}},"18":{"start":{"line":14,"column":0},"end":{"line":14,"column":16}}},"fnMap":{"0":{"name":"createWebpackWebappConfig","decl":{"start":{"line":14,"column":16},"end":{"line":14,"column":41}},"loc":{"start":{"line":14,"column":157},"end":{"line":118,"column":1}}}},"branchMap":{"0":{"loc":{"start":{"line":28,"column":71},"end":{"line":43,"column":27}},"type":"cond-expr","locations":[{"start":{"line":28,"column":71},"end":{"line":43,"column":27}},{"start":{"line":43,"column":29},"end":{"line":43,"column":31}}]},"1":{"loc":{"start":{"line":28,"column":12},"end":{"line":28,"column":39}},"type":"binary-expr","locations":[{"start":{"line":28,"column":12},"end":{"line":28,"column":39}},{"start":{"line":28,"column":43},"end":{"line":28,"column":68}}]},"2":{"loc":{"start":{"line":95,"column":40},"end":{"line":115,"column":8}},"type":"cond-expr","locations":[{"start":{"line":95,"column":40},"end":{"line":115,"column":8}},{"start":{"line":115,"column":10},"end":{"line":115,"column":12}}]}},"s":{"0":0,"1":0,"2":0,"3":0,"4":0,"5":0,"6":0,"7":0,"8":0,"9":0,"10":0,"11":0,"12":0,"13":0,"14":0,"15":0,"16":0,"17":0,"18":0},"f":{"0":0},"b":{"0":[0,0],"1":[0,0],"2":[0,0]}}
,"/Users/ssen/Workspace/react-zeroconfig/src/webpackConfigs/getWebpackAlias.ts": {"path":"/Users/ssen/Workspace/react-zeroconfig/src/webpackConfigs/getWebpackAlias.ts","statementMap":{"0":{"start":{"line":1,"column":0},"end":{"line":1,"column":26}},"1":{"start":{"line":2,"column":0},"end":{"line":2,"column":24}},"2":{"start":{"line":4,"column":33},"end":{"line":4,"column":36}},"3":{"start":{"line":5,"column":22},"end":{"line":5,"column":43}},"4":{"start":{"line":6,"column":48},"end":{"line":6,"column":50}},"5":{"start":{"line":7,"column":29},"end":{"line":7,"column":56}},"6":{"start":{"line":9,"column":2},"end":{"line":13,"column":94}},"7":{"start":{"line":10,"column":33},"end":{"line":10,"column":52}},"8":{"start":{"line":11,"column":30},"end":{"line":11,"column":54}},"9":{"start":{"line":12,"column":33},"end":{"line":12,"column":68}},"10":{"start":{"line":13,"column":34},"end":{"line":13,"column":93}},"11":{"start":{"line":15,"column":2},"end":{"line":20,"column":null}},"12":{"start":{"line":16,"column":4},"end":{"line":19,"column":96}},"13":{"start":{"line":17,"column":32},"end":{"line":17,"column":71}},"14":{"start":{"line":18,"column":35},"end":{"line":18,"column":70}},"15":{"start":{"line":19,"column":36},"end":{"line":19,"column":95}},"16":{"start":{"line":22,"column":2},"end":{"line":22,"column":15}},"17":{"start":{"line":4,"column":0},"end":{"line":4,"column":16}}},"fnMap":{"0":{"name":"getWebpackAlias","decl":{"start":{"line":4,"column":16},"end":{"line":4,"column":31}},"loc":{"start":{"line":4,"column":52},"end":{"line":23,"column":1}}},"1":{"name":"(anonymous_1)","decl":{"start":{"line":10,"column":12},"end":{"line":10,"column":13}},"loc":{"start":{"line":10,"column":28},"end":{"line":10,"column":40}}},"2":{"name":"(anonymous_2)","decl":{"start":{"line":11,"column":9},"end":{"line":11,"column":10}},"loc":{"start":{"line":11,"column":25},"end":{"line":11,"column":34}}},"3":{"name":"(anonymous_3)","decl":{"start":{"line":12,"column":12},"end":{"line":12,"column":13}},"loc":{"start":{"line":12,"column":28},"end":{"line":12,"column":35}}},"4":{"name":"(anonymous_4)","decl":{"start":{"line":13,"column":13},"end":{"line":13,"column":14}},"loc":{"start":{"line":13,"column":29},"end":{"line":13,"column":39}}},"5":{"name":"(anonymous_5)","decl":{"start":{"line":17,"column":11},"end":{"line":17,"column":12}},"loc":{"start":{"line":17,"column":27},"end":{"line":17,"column":36}}},"6":{"name":"(anonymous_6)","decl":{"start":{"line":18,"column":14},"end":{"line":18,"column":15}},"loc":{"start":{"line":18,"column":30},"end":{"line":18,"column":37}}},"7":{"name":"(anonymous_7)","decl":{"start":{"line":19,"column":15},"end":{"line":19,"column":16}},"loc":{"start":{"line":19,"column":31},"end":{"line":19,"column":41}}}},"branchMap":{"0":{"loc":{"start":{"line":15,"column":2},"end":{"line":20,"column":null}},"type":"if","locations":[{"start":{"line":15,"column":2},"end":{"line":20,"column":null}},{"start":{"line":15,"column":2},"end":{"line":20,"column":null}}]},"1":{"loc":{"start":{"line":15,"column":6},"end":{"line":15,"column":31}},"type":"binary-expr","locations":[{"start":{"line":15,"column":6},"end":{"line":15,"column":31}},{"start":{"line":15,"column":35},"end":{"line":15,"column":72}}]}},"s":{"0":0,"1":0,"2":0,"3":0,"4":0,"5":0,"6":0,"7":0,"8":0,"9":0,"10":0,"11":0,"12":0,"13":0,"14":0,"15":0,"16":0,"17":0},"f":{"0":0,"1":0,"2":0,"3":0,"4":0,"5":0,"6":0,"7":0},"b":{"0":[0,0],"1":[0,0]}}
,"/Users/ssen/Workspace/react-zeroconfig/src/webpackConfigs/getWebpackDataURILoaders.ts": {"path":"/Users/ssen/Workspace/react-zeroconfig/src/webpackConfigs/getWebpackDataURILoaders.ts","statementMap":{"0":{"start":{"line":3,"column":42},"end":{"line":3,"column":51}},"1":{"start":{"line":4,"column":2},"end":{"line":13,"column":4}},"2":{"start":{"line":3,"column":0},"end":{"line":3,"column":16}}},"fnMap":{"0":{"name":"getWebpackDataURILoaders","decl":{"start":{"line":3,"column":16},"end":{"line":3,"column":40}},"loc":{"start":{"line":3,"column":73},"end":{"line":14,"column":1}}}},"branchMap":{},"s":{"0":0,"1":0,"2":0},"f":{"0":0},"b":{}}
,"/Users/ssen/Workspace/react-zeroconfig/src/webpackConfigs/getWebpackFileLoaders.ts": {"path":"/Users/ssen/Workspace/react-zeroconfig/src/webpackConfigs/getWebpackFileLoaders.ts","statementMap":{"0":{"start":{"line":3,"column":39},"end":{"line":3,"column":48}},"1":{"start":{"line":4,"column":2},"end":{"line":12,"column":4}},"2":{"start":{"line":3,"column":0},"end":{"line":3,"column":16}}},"fnMap":{"0":{"name":"getWebpackFileLoaders","decl":{"start":{"line":3,"column":16},"end":{"line":3,"column":37}},"loc":{"start":{"line":3,"column":70},"end":{"line":13,"column":1}}}},"branchMap":{},"s":{"0":0,"1":0,"2":0},"f":{"0":0},"b":{}}
,"/Users/ssen/Workspace/react-zeroconfig/src/webpackConfigs/getWebpackRawLoaders.ts": {"path":"/Users/ssen/Workspace/react-zeroconfig/src/webpackConfigs/getWebpackRawLoaders.ts","statementMap":{"0":{"start":{"line":4,"column":2},"end":{"line":11,"column":4}},"1":{"start":{"line":3,"column":0},"end":{"line":3,"column":16}}},"fnMap":{"0":{"name":"getWebpackRawLoaders","decl":{"start":{"line":3,"column":16},"end":{"line":3,"column":36}},"loc":{"start":{"line":3,"column":36},"end":{"line":12,"column":1}}}},"branchMap":{},"s":{"0":0,"1":0},"f":{"0":0},"b":{}}
,"/Users/ssen/Workspace/react-zeroconfig/src/webpackConfigs/getWebpackScriptLoaders.ts": {"path":"/Users/ssen/Workspace/react-zeroconfig/src/webpackConfigs/getWebpackScriptLoaders.ts","statementMap":{"0":{"start":{"line":1,"column":0},"end":{"line":1,"column":24}},"1":{"start":{"line":3,"column":0},"end":{"line":3,"column":61}},"2":{"start":{"line":19,"column":9},"end":{"line":19,"column":12}},"3":{"start":{"line":21,"column":30},"end":{"line":21,"column":54}},"4":{"start":{"line":22,"column":30},"end":{"line":22,"column":61}},"5":{"start":{"line":24,"column":22},"end":{"line":24,"column":43}},"6":{"start":{"line":25,"column":37},"end":{"line":35,"column":4}},"7":{"start":{"line":37,"column":2},"end":{"line":69,"column":null}},"8":{"start":{"line":38,"column":11},"end":{"line":38,"column":20}},"9":{"start":{"line":38,"column":22},"end":{"line":38,"column":32}},"10":{"start":{"line":40,"column":4},"end":{"line":60,"column":6}},"11":{"start":{"line":62,"column":4},"end":{"line":68,"column":6}},"12":{"start":{"line":18,"column":0},"end":{"line":18,"column":16}}},"fnMap":{"0":{"name":"getWebpackScriptLoaders","decl":{"start":{"line":18,"column":16},"end":{"line":18,"column":39}},"loc":{"start":{"line":18,"column":83},"end":{"line":70,"column":1}}}},"branchMap":{"0":{"loc":{"start":{"line":37,"column":2},"end":{"line":69,"column":null}},"type":"if","locations":[{"start":{"line":37,"column":2},"end":{"line":69,"column":null}},{"start":{"line":37,"column":2},"end":{"line":69,"column":null}}]}},"s":{"0":0,"1":0,"2":0,"3":0,"4":0,"5":0,"6":0,"7":0,"8":0,"9":0,"10":0,"11":0,"12":0},"f":{"0":0},"b":{"0":[0,0]}}
,"/Users/ssen/Workspace/react-zeroconfig/src/webpackConfigs/getWebpackStyleLoaders.ts": {"path":"/Users/ssen/Workspace/react-zeroconfig/src/webpackConfigs/getWebpackStyleLoaders.ts","statementMap":{"0":{"start":{"line":1,"column":0},"end":{"line":1,"column":59}},"1":{"start":{"line":2,"column":0},"end":{"line":2,"column":76}},"2":{"start":{"line":13,"column":40},"end":{"line":13,"column":48}},"3":{"start":{"line":13,"column":50},"end":{"line":13,"column":64}},"4":{"start":{"line":13,"column":66},"end":{"line":13,"column":76}},"5":{"start":{"line":13,"column":78},"end":{"line":13,"column":90}},"6":{"start":{"line":14,"column":38},"end":{"line":16,"column":37}},"7":{"start":{"line":18,"column":40},"end":{"line":35,"column":4}},"8":{"start":{"line":23,"column":21},"end":{"line":32,"column":null}},"9":{"start":{"line":37,"column":26},"end":{"line":48,"column":4}},"10":{"start":{"line":50,"column":32},"end":{"line":63,"column":4}},"11":{"start":{"line":65,"column":2},"end":{"line":76,"column":null}},"12":{"start":{"line":66,"column":47},"end":{"line":72,"column":6}},"13":{"start":{"line":74,"column":4},"end":{"line":74,"column":33}},"14":{"start":{"line":75,"column":4},"end":{"line":75,"column":39}},"15":{"start":{"line":78,"column":2},"end":{"line":87,"column":4}},"16":{"start":{"line":13,"column":0},"end":{"line":13,"column":16}}},"fnMap":{"0":{"name":"getWebpackStyleLoaders","decl":{"start":{"line":13,"column":16},"end":{"line":13,"column":38}},"loc":{"start":{"line":13,"column":125},"end":{"line":88,"column":1}}},"1":{"name":"(anonymous_1)","decl":{"start":{"line":23,"column":15},"end":{"line":23,"column":21}},"loc":{"start":{"line":23,"column":15},"end":{"line":23,"column":null}}}},"branchMap":{"0":{"loc":{"start":{"line":15,"column":6},"end":{"line":15,"column":33}},"type":"cond-expr","locations":[{"start":{"line":15,"column":6},"end":{"line":15,"column":33}},{"start":{"line":16,"column":6},"end":{"line":16,"column":37}}]},"1":{"loc":{"start":{"line":43,"column":38},"end":{"line":43,"column":39}},"type":"cond-expr","locations":[{"start":{"line":43,"column":38},"end":{"line":43,"column":39}},{"start":{"line":43,"column":42},"end":{"line":43,"column":43}}]},"2":{"loc":{"start":{"line":56,"column":38},"end":{"line":56,"column":39}},"type":"cond-expr","locations":[{"start":{"line":56,"column":38},"end":{"line":56,"column":39}},{"start":{"line":56,"column":42},"end":{"line":56,"column":43}}]},"3":{"loc":{"start":{"line":65,"column":2},"end":{"line":76,"column":null}},"type":"if","locations":[{"start":{"line":65,"column":2},"end":{"line":76,"column":null}},{"start":{"line":65,"column":2},"end":{"line":76,"column":null}}]}},"s":{"0":0,"1":0,"2":0,"3":0,"4":0,"5":0,"6":0,"7":0,"8":0,"9":0,"10":0,"11":0,"12":0,"13":0,"14":0,"15":0,"16":0},"f":{"0":0,"1":0},"b":{"0":[0,0],"1":[0,0],"2":[0,0],"3":[0,0]}}
,"/Users/ssen/Workspace/react-zeroconfig/src/webpackConfigs/webpackRuleSet.d.ts": {"path":"/Users/ssen/Workspace/react-zeroconfig/src/webpackConfigs/webpackRuleSet.d.ts","statementMap":{},"fnMap":{},"branchMap":{},"s":{},"f":{},"b":{},"hash":"6ae92f5278d6d03bb7861d95f179dfb32fcec102"}
}
