TN:
SF:/Users/ssen/Workspace/react-zeroconfig/src/browserslist.d.ts
FNF:0
FNH:0
LF:0
LH:0
BRF:0
BRH:0
end_of_record
TN:
SF:/Users/ssen/Workspace/react-zeroconfig/src/createWebstormWebpackConfig.ts
FN:4,createWebstormWebpackConfig
FNF:1
FNH:0
FNDA:0,createWebstormWebpackConfig
DA:2,0
DA:4,0
DA:5,0
LF:3
LH:0
BRDA:4,0,0,0
BRDA:4,0,1,0
BRF:2
BRH:0
end_of_record
TN:
SF:/Users/ssen/Workspace/react-zeroconfig/src/index.ts
FNF:0
FNH:0
DA:1,0
DA:2,0
DA:3,0
DA:4,0
LF:4
LH:0
BRF:0
BRH:0
end_of_record
TN:
SF:/Users/ssen/Workspace/react-zeroconfig/src/patchStorybookWebpackConfig.ts
FN:9,patchStorybookWebpackConfig
FNF:1
FNH:0
FNDA:0,patchStorybookWebpackConfig
DA:1,0
DA:2,0
DA:4,0
DA:5,0
DA:7,0
DA:9,0
DA:10,0
DA:11,0
DA:13,0
DA:15,0
DA:19,0
DA:73,0
LF:12
LH:0
BRDA:9,0,0,0
BRDA:9,0,1,0
BRDA:21,1,0,0
BRDA:21,1,1,0
BRDA:21,2,0,0
BRDA:21,2,1,0
BRF:6
BRH:0
end_of_record
TN:
SF:/Users/ssen/Workspace/react-zeroconfig/src/types.ts
FN:17,isPackageCommand
FN:21,isWebappCommand
FN:25,isMode
FNF:3
FNH:3
FNDA:3,isPackageCommand
FNDA:10,isWebappCommand
FNDA:9,isMode
DA:4,2
DA:5,2
DA:6,2
DA:13,2
DA:14,2
DA:15,2
DA:17,2
DA:18,3
DA:21,2
DA:22,10
DA:25,2
DA:26,9
LF:12
LH:12
BRF:0
BRH:0
end_of_record
TN:
SF:/Users/ssen/Workspace/react-zeroconfig/src/internalPackage/getInternalPackageEntry.ts
FN:5,getInternalPackageEntry
FN:11,(anonymous_3)
FN:12,(anonymous_4)
FN:13,(anonymous_5)
FNF:4
FNH:4
FNDA:15,getInternalPackageEntry
FNDA:26,(anonymous_3)
FNDA:26,(anonymous_4)
FNDA:26,(anonymous_5)
DA:1,5
DA:2,5
DA:3,5
DA:5,15
DA:6,15
DA:8,10
DA:10,10
DA:11,26
DA:12,26
DA:13,26
LF:10
LH:10
BRDA:6,0,0,5
BRDA:6,0,1,10
BRDA:6,1,0,15
BRDA:6,1,1,10
BRF:4
BRH:4
end_of_record
TN:
SF:/Users/ssen/Workspace/react-zeroconfig/src/internalPackage/getInternalPackagePublicDrectories.ts
FN:5,getInternalPackagePublicDrectories
FN:7,(anonymous_3)
FN:8,(anonymous_4)
FNF:3
FNH:3
FNDA:8,getInternalPackagePublicDrectories
FNDA:12,(anonymous_3)
FNDA:12,(anonymous_4)
DA:1,3
DA:2,3
DA:3,3
DA:5,8
DA:6,8
DA:7,12
DA:8,12
LF:7
LH:7
BRDA:6,0,0,8
BRDA:6,0,1,8
BRDA:8,1,0,12
BRDA:8,1,1,4
BRF:4
BRH:4
end_of_record
TN:
SF:/Users/ssen/Workspace/react-zeroconfig/src/packageScripts/buildPackages.ts
FN:22,buildPackages
FN:59,(anonymous_3)
FNF:2
FNH:0
FNDA:0,buildPackages
FNDA:0,(anonymous_3)
DA:1,0
DA:2,0
DA:3,0
DA:6,0
DA:7,0
DA:8,0
DA:9,0
DA:10,0
DA:11,0
DA:12,0
DA:14,0
DA:15,0
DA:16,0
DA:17,0
DA:18,0
DA:20,0
DA:22,0
DA:24,0
DA:26,0
DA:27,0
DA:28,0
DA:30,0
DA:33,0
DA:34,0
DA:35,0
DA:45,0
DA:46,0
DA:54,0
DA:59,0
DA:83,0
DA:84,0
DA:87,0
DA:88,0
LF:33
LH:0
BRDA:33,0,0,0
BRDA:33,0,1,0
BRF:2
BRH:0
end_of_record
TN:
SF:/Users/ssen/Workspace/react-zeroconfig/src/packageScripts/createPackageBuildOptions.ts
FN:8,createPackageBuildOptions
FN:9,(anonymous_3)
FNF:2
FNH:2
FNDA:4,createPackageBuildOptions
FNDA:8,(anonymous_3)
DA:1,1
DA:2,1
DA:4,1
DA:6,1
DA:8,4
DA:9,8
DA:10,4
DA:11,4
DA:13,4
DA:15,8
DA:16,8
DA:18,8
DA:19,1
DA:20,7
DA:21,1
DA:24,6
DA:26,6
DA:33,6
DA:36,2
LF:19
LH:19
BRDA:9,0,0,4
BRDA:9,0,1,2
BRDA:18,1,0,1
BRDA:18,1,1,7
BRDA:20,2,0,1
BRDA:20,2,1,6
BRF:6
BRH:6
end_of_record
TN:
SF:/Users/ssen/Workspace/react-zeroconfig/src/packageScripts/createPackagePublishOptions.ts
FN:9,(anonymous_0)
FN:14,(anonymous_1)
FN:15,(anonymous_2)
FN:18,createPackagePublishOptions
FN:26,(anonymous_6)
FN:27,(anonymous_7)
FN:28,(anonymous_8)
FN:29,(anonymous_9)
FN:32,(anonymous_10)
FN:35,(anonymous_11)
FNF:10
FNH:0
FNDA:0,(anonymous_0)
FNDA:0,(anonymous_1)
FNDA:0,(anonymous_2)
FNDA:0,createPackagePublishOptions
FNDA:0,(anonymous_6)
FNDA:0,(anonymous_7)
FNDA:0,(anonymous_8)
FNDA:0,(anonymous_9)
FNDA:0,(anonymous_10)
FNDA:0,(anonymous_11)
DA:1,0
DA:2,0
DA:3,0
DA:9,0
DA:10,0
DA:14,0
DA:15,0
DA:18,0
DA:19,0
DA:21,0
DA:22,0
DA:25,0
DA:26,0
DA:27,0
DA:28,0
DA:29,0
DA:31,0
DA:32,0
DA:35,0
LF:19
LH:0
BRDA:14,0,0,0
BRDA:14,0,1,0
BRDA:14,1,0,0
BRDA:14,1,1,0
BRDA:18,2,0,0
BRDA:18,2,1,0
BRDA:21,3,0,0
BRDA:21,3,1,0
BRDA:21,4,0,0
BRDA:21,4,1,0
BRF:10
BRH:0
end_of_record
TN:
SF:/Users/ssen/Workspace/react-zeroconfig/src/packageScripts/help.ts
FNF:0
FNH:0
DA:1,0
LF:1
LH:0
BRF:0
BRH:0
end_of_record
TN:
SF:/Users/ssen/Workspace/react-zeroconfig/src/packageScripts/index.ts
FN:8,packageScripts
FNF:1
FNH:0
FNDA:0,packageScripts
DA:1,0
DA:2,0
DA:3,0
DA:4,0
DA:5,0
DA:6,0
DA:8,0
DA:9,0
DA:10,0
DA:11,0
DA:14,0
DA:16,0
DA:18,0
DA:19,0
DA:21,0
DA:22,0
DA:23,0
DA:24,0
DA:25,0
DA:27,0
LF:20
LH:0
BRDA:8,0,0,0
BRDA:8,0,1,0
BRDA:9,1,0,0
BRDA:9,1,1,0
BRDA:21,2,0,0
BRDA:21,2,1,0
BRDA:24,3,0,0
BRDA:24,3,1,0
BRF:8
BRH:0
end_of_record
TN:
SF:/Users/ssen/Workspace/react-zeroconfig/src/packageScripts/parsePackageArgv.ts
FN:4,parsePackageArgv
FNF:1
FNH:1
FNDA:3,parsePackageArgv
DA:1,1
DA:2,1
DA:4,1
DA:5,3
DA:6,3
DA:8,3
DA:9,1
DA:12,2
LF:8
LH:8
BRDA:8,0,0,1
BRDA:8,0,1,2
BRF:2
BRH:2
end_of_record
TN:
SF:/Users/ssen/Workspace/react-zeroconfig/src/packageScripts/publishPackages.ts
FN:9,publishPackages
FNF:1
FNH:0
FNDA:0,publishPackages
DA:1,0
DA:2,0
DA:4,0
DA:5,0
DA:6,0
DA:7,0
DA:9,0
DA:11,0
DA:12,0
DA:14,0
DA:15,0
DA:17,0
DA:18,0
DA:20,0
DA:24,0
DA:27,0
DA:28,0
LF:17
LH:0
BRDA:21,0,0,0
BRDA:21,0,1,0
BRF:2
BRH:0
end_of_record
TN:
SF:/Users/ssen/Workspace/react-zeroconfig/src/packageScripts/selectPublishOptions.ts
FN:5,selectPublishOptions
FN:10,(anonymous_3)
FN:26,(anonymous_4)
FNF:3
FNH:0
FNDA:0,selectPublishOptions
FNDA:0,(anonymous_3)
FNDA:0,(anonymous_4)
DA:1,0
DA:2,0
DA:5,0
DA:6,0
DA:10,0
DA:11,0
DA:12,0
DA:14,0
DA:24,0
DA:26,0
LF:10
LH:0
BRDA:6,0,0,0
BRDA:12,1,0,0
BRDA:12,1,1,0
BRDA:12,2,0,0
BRDA:12,2,1,0
BRDA:16,3,0,0
BRDA:16,3,1,0
BRDA:19,4,0,0
BRDA:19,4,1,0
BRF:9
BRH:0
end_of_record
TN:
SF:/Users/ssen/Workspace/react-zeroconfig/src/runners/buildTypescriptDeclarations.ts
FN:25,buildTypescriptDeclarations
FNF:1
FNH:0
FNDA:0,buildTypescriptDeclarations
DA:1,0
DA:2,0
DA:3,0
DA:25,0
DA:26,0
DA:55,0
DA:57,0
DA:58,0
DA:59,0
DA:61,0
DA:62,0
DA:63,0
DA:64,0
DA:65,0
DA:67,0
DA:71,0
DA:72,0
LF:17
LH:0
BRDA:37,0,0,0
BRDA:37,0,1,0
BRDA:48,1,0,0
BRDA:48,1,1,0
BRDA:62,2,0,0
BRDA:62,2,1,0
BRDA:62,3,0,0
BRDA:62,3,1,0
BRDA:71,4,0,0
BRDA:71,4,1,0
BRF:10
BRH:0
end_of_record
TN:
SF:/Users/ssen/Workspace/react-zeroconfig/src/runners/copyServerPackageJson.ts
FN:4,copyServerPackageJson
FNF:1
FNH:0
FNDA:0,copyServerPackageJson
DA:1,0
DA:2,0
DA:4,0
DA:5,0
DA:6,0
DA:7,0
LF:6
LH:0
BRDA:5,0,0,0
BRF:1
BRH:0
end_of_record
TN:
SF:/Users/ssen/Workspace/react-zeroconfig/src/runners/fsCopySourceFilter.ts
FN:3,fsCopySourceFilter
FNF:1
FNH:0
FNDA:0,fsCopySourceFilter
DA:1,0
DA:3,0
DA:4,0
DA:5,0
DA:6,0
DA:8,0
LF:6
LH:0
BRDA:4,0,0,0
BRDA:4,0,1,0
BRDA:5,1,0,0
BRDA:5,1,1,0
BRF:4
BRH:0
end_of_record
TN:
SF:/Users/ssen/Workspace/react-zeroconfig/src/runners/runWebpack.ts
FN:3,runWebpack
FN:4,(anonymous_1)
FN:5,(anonymous_2)
FNF:3
FNH:0
FNDA:0,runWebpack
FNDA:0,(anonymous_1)
FNDA:0,(anonymous_2)
DA:1,0
DA:3,0
DA:4,0
DA:5,0
DA:6,0
DA:7,0
DA:9,0
LF:7
LH:0
BRDA:6,0,0,0
BRDA:6,0,1,0
BRDA:11,1,0,0
BRDA:11,1,1,0
BRF:4
BRH:0
end_of_record
TN:
SF:/Users/ssen/Workspace/react-zeroconfig/src/runners/watchWebpack.ts
FN:4,watchWebpack
FN:5,(anonymous_1)
FN:6,(anonymous_2)
FN:21,(anonymous_3)
FN:22,(anonymous_4)
FNF:5
FNH:0
FNDA:0,watchWebpack
FNDA:0,(anonymous_1)
FNDA:0,(anonymous_2)
FNDA:0,(anonymous_3)
FNDA:0,(anonymous_4)
DA:1,0
DA:2,0
DA:4,0
DA:5,0
DA:6,0
DA:7,0
DA:8,0
DA:10,0
DA:21,0
DA:22,0
LF:10
LH:0
BRDA:4,0,0,0
BRDA:4,0,1,0
BRDA:7,1,0,0
BRDA:7,1,1,0
BRDA:12,2,0,0
BRDA:12,2,1,0
BRF:6
BRH:0
end_of_record
TN:
SF:/Users/ssen/Workspace/react-zeroconfig/src/runners/watingFiles.ts
FN:4,watingFiles
FN:5,(anonymous_3)
FN:8,remain
FN:12,start
FN:13,(anonymous_6)
FNF:5
FNH:0
FNDA:0,watingFiles
FNDA:0,(anonymous_3)
FNDA:0,remain
FNDA:0,start
FNDA:0,(anonymous_6)
DA:1,0
DA:2,0
DA:4,0
DA:5,0
DA:6,0
DA:9,0
DA:13,0
DA:14,0
DA:15,0
DA:16,0
DA:18,0
DA:19,0
DA:23,0
LF:13
LH:0
BRDA:4,0,0,0
BRDA:4,0,1,0
BRDA:13,1,0,0
BRDA:13,1,1,0
BRDA:15,2,0,0
BRDA:15,2,1,0
BRF:6
BRH:0
end_of_record
TN:
SF:/Users/ssen/Workspace/react-zeroconfig/src/transpile/getBabelConfig.ts
FN:5,getBabelConfig
FNF:1
FNH:1
FNDA:2,getBabelConfig
DA:1,1
DA:5,2
DA:6,2
DA:8,2
DA:9,0
DA:10,0
DA:11,0
DA:12,0
DA:15,2
LF:9
LH:5
BRDA:8,0,0,0
BRDA:8,0,1,2
BRF:2
BRH:1
end_of_record
TN:
SF:/Users/ssen/Workspace/react-zeroconfig/src/transpile/getBrowserslistQuery.ts
FN:25,getBrowserslistQuery
FNF:1
FNH:1
FNDA:14,getBrowserslistQuery
DA:1,2
DA:3,2
DA:25,14
DA:26,14
DA:27,14
LF:5
LH:5
BRDA:27,0,0,14
BRDA:27,0,1,10
BRDA:27,0,2,2
BRDA:27,1,0,10
BRDA:27,1,1,2
BRF:5
BRH:5
end_of_record
TN:
SF:/Users/ssen/Workspace/react-zeroconfig/src/transpile/getPackageJsonContentsOrderedNames.ts
FN:8,getPackageJsonContentsOrderedNames
FN:9,searchNestedDependencies
FN:11,(anonymous_2)
FN:19,(anonymous_3)
FN:32,(anonymous_4)
FN:39,(anonymous_5)
FN:56,(anonymous_6)
FNF:7
FNH:7
FNDA:8,getPackageJsonContentsOrderedNames
FNDA:29,searchNestedDependencies
FNDA:39,(anonymous_2)
FNDA:115,(anonymous_3)
FNDA:21,(anonymous_4)
FNDA:24,(anonymous_5)
FNDA:18,(anonymous_6)
DA:8,8
DA:10,29
DA:11,25
DA:12,39
DA:13,1
DA:16,38
DA:19,115
DA:22,38
DA:23,9
DA:28,27
DA:31,8
DA:33,21
DA:34,20
DA:40,24
DA:41,24
DA:43,24
DA:44,24
DA:46,24
DA:47,9
DA:50,15
DA:51,0
DA:54,15
DA:56,18
LF:23
LH:22
BRDA:10,0,0,25
BRDA:10,0,1,4
BRDA:12,1,0,1
BRDA:12,1,1,38
BRDA:22,2,0,9
BRDA:22,2,1,29
BRDA:22,3,0,38
BRDA:22,3,1,19
BRDA:33,4,0,1
BRDA:33,4,1,20
BRDA:46,5,0,9
BRDA:46,5,1,15
BRDA:46,6,0,24
BRDA:46,6,1,15
BRDA:47,7,0,9
BRDA:47,7,1,0
BRDA:50,8,0,0
BRDA:50,8,1,15
BRDA:50,9,0,15
BRDA:50,9,1,9
BRDA:54,10,0,9
BRDA:54,10,1,6
BRF:22
BRH:20
end_of_record
TN:
SF:/Users/ssen/Workspace/react-zeroconfig/src/transpile/getTSConfigCompilerOptions.ts
FN:17,getTSConfigCompilerOptions
FNF:1
FNH:1
FNDA:2,getTSConfigCompilerOptions
DA:1,1
DA:10,1
DA:17,4
DA:18,2
DA:20,2
DA:22,1
DA:24,1
DA:25,0
DA:26,1
DA:27,0
DA:30,1
DA:32,1
LF:12
LH:10
BRDA:17,0,0,2
BRDA:17,0,1,0
BRDA:20,1,0,1
BRDA:20,1,1,1
BRDA:24,2,0,0
BRDA:24,2,1,1
BRDA:26,3,0,0
BRDA:26,3,1,1
BRF:8
BRH:5
end_of_record
TN:
SF:/Users/ssen/Workspace/react-zeroconfig/src/utils/createTmpDirectory.ts
FN:4,createTmpDirectory
FNF:1
FNH:1
FNDA:1,createTmpDirectory
DA:1,1
DA:2,1
DA:4,1
DA:5,1
DA:6,1
LF:5
LH:5
BRF:0
BRH:0
end_of_record
TN:
SF:/Users/ssen/Workspace/react-zeroconfig/src/utils/createTmpFixture.ts
FN:5,createTmpFixture
FNF:1
FNH:1
FNDA:23,createTmpFixture
DA:1,9
DA:2,9
DA:3,9
DA:5,9
DA:6,23
DA:7,23
DA:9,46
DA:11,23
LF:8
LH:8
BRF:0
BRH:0
end_of_record
TN:
SF:/Users/ssen/Workspace/react-zeroconfig/src/utils/exec-promise.ts
FNF:0
FNH:0
DA:1,0
DA:2,0
DA:4,0
LF:3
LH:0
BRF:0
BRH:0
end_of_record
TN:
SF:/Users/ssen/Workspace/react-zeroconfig/src/utils/glob-promise.ts
FNF:0
FNH:0
DA:1,6
DA:2,6
DA:4,6
LF:3
LH:3
BRF:0
BRH:0
end_of_record
TN:
SF:/Users/ssen/Workspace/react-zeroconfig/src/utils/rimraf-promise.ts
FNF:0
FNH:0
DA:1,0
DA:2,0
DA:4,0
LF:3
LH:0
BRF:0
BRH:0
end_of_record
TN:
SF:/Users/ssen/Workspace/react-zeroconfig/src/utils/sayTitle.ts
FN:4,sayTitle
FNF:1
FNH:0
FNDA:0,sayTitle
DA:1,0
DA:2,0
DA:4,0
DA:5,0
DA:6,0
DA:7,0
LF:6
LH:0
BRF:0
BRH:0
end_of_record
TN:
SF:/Users/ssen/Workspace/react-zeroconfig/src/utils/takeMinimistEveryValues.ts
FN:1,takeMinimistEveryValues
FNF:1
FNH:1
FNDA:20,takeMinimistEveryValues
DA:1,2
DA:2,20
LF:2
LH:2
BRDA:3,0,0,1
BRDA:3,0,1,19
BRF:2
BRH:2
end_of_record
TN:
SF:/Users/ssen/Workspace/react-zeroconfig/src/utils/takeMinimistLatestValue.ts
FN:1,takeMinimistLatestValue
FNF:1
FNH:1
FNDA:93,takeMinimistLatestValue
DA:1,2
DA:2,93
LF:2
LH:2
BRDA:2,0,0,1
BRDA:2,0,1,92
BRF:2
BRH:2
end_of_record
TN:
SF:/Users/ssen/Workspace/react-zeroconfig/src/webappScripts/buildBrowser.ts
FN:62,buildBrowser
FN:148,(anonymous_3)
FN:180,(anonymous_4)
FN:212,(anonymous_5)
FNF:4
FNH:0
FNDA:0,buildBrowser
FNDA:0,(anonymous_3)
FNDA:0,(anonymous_4)
FNDA:0,(anonymous_5)
DA:1,0
DA:2,0
DA:3,0
DA:4,0
DA:5,0
DA:6,0
DA:7,0
DA:8,0
DA:10,0
DA:11,0
DA:12,0
DA:14,0
DA:15,0
DA:16,0
DA:17,0
DA:62,0
DA:63,0
DA:64,0
DA:65,0
DA:66,0
DA:67,0
DA:68,0
DA:69,0
DA:70,0
DA:71,0
DA:72,0
DA:73,0
DA:74,0
DA:75,0
DA:76,0
DA:78,0
DA:148,0
DA:181,0
DA:182,0
DA:184,0
DA:204,0
DA:207,0
DA:210,0
DA:211,0
DA:212,0
DA:215,0
DA:217,0
DA:218,0
LF:43
LH:0
BRDA:82,0,0,0
BRDA:82,0,1,0
BRDA:128,1,0,0
BRDA:128,1,1,0
BRDA:172,2,0,0
BRDA:172,2,1,0
BRDA:180,3,0,0
BRDA:180,3,1,0
BRDA:207,4,0,0
BRDA:207,4,1,0
BRF:10
BRH:0
end_of_record
TN:
SF:/Users/ssen/Workspace/react-zeroconfig/src/webappScripts/buildServer.ts
FN:48,buildServer
FNF:1
FNH:0
FNDA:0,buildServer
DA:1,0
DA:2,0
DA:3,0
DA:5,0
DA:6,0
DA:7,0
DA:8,0
DA:10,0
DA:11,0
DA:12,0
DA:13,0
DA:48,0
DA:49,0
DA:50,0
DA:51,0
DA:52,0
DA:53,0
DA:54,0
DA:55,0
DA:56,0
DA:58,0
DA:60,0
DA:61,0
DA:64,0
DA:110,0
DA:113,0
DA:116,0
DA:121,0
DA:122,0
LF:29
LH:0
BRDA:60,0,0,0
BRDA:60,0,1,0
BRDA:69,1,0,0
BRDA:69,1,1,0
BRF:4
BRH:0
end_of_record
TN:
SF:/Users/ssen/Workspace/react-zeroconfig/src/webappScripts/createWebappConfig.ts
FN:8,createWebappConfig
FN:22,(anonymous_3)
FNF:2
FNH:1
FNDA:4,createWebappConfig
FNDA:0,(anonymous_3)
DA:1,1
DA:2,1
DA:3,1
DA:5,1
DA:6,1
DA:8,4
DA:9,4
DA:11,4
DA:13,3
DA:14,3
DA:21,3
DA:22,3
DA:24,3
LF:13
LH:13
BRDA:11,0,0,1
BRDA:11,0,1,3
BRDA:15,1,0,2
BRDA:15,1,1,1
BRDA:17,2,0,0
BRDA:17,2,1,1
BRDA:19,3,0,0
BRDA:19,3,1,1
BRF:8
BRH:6
end_of_record
TN:
SF:/Users/ssen/Workspace/react-zeroconfig/src/webappScripts/getStaticFileDirectories.ts
FN:6,getStaticFileDirectories
FN:11,(anonymous_3)
FN:28,(anonymous_4)
FN:36,(anonymous_5)
FNF:4
FNH:4
FNDA:6,getStaticFileDirectories
FNDA:1,(anonymous_3)
FNDA:2,(anonymous_4)
FNDA:2,(anonymous_5)
DA:1,2
DA:2,2
DA:3,2
DA:6,6
DA:7,6
DA:9,11
DA:10,1
DA:11,1
DA:13,1
DA:15,5
DA:17,5
DA:18,5
DA:21,5
DA:23,5
DA:26,6
DA:27,1
DA:29,2
DA:33,2
DA:34,2
DA:36,2
DA:38,1
DA:41,6
LF:22
LH:22
BRDA:9,0,0,5
BRDA:9,0,1,1
BRDA:17,1,0,5
BRDA:17,1,1,0
BRDA:17,2,0,5
BRDA:17,2,1,5
BRDA:26,3,0,1
BRDA:26,3,1,5
BRDA:30,4,0,2
BRDA:30,4,1,0
BRDA:36,5,0,2
BRDA:36,5,1,1
BRF:12
BRH:10
end_of_record
TN:
SF:/Users/ssen/Workspace/react-zeroconfig/src/webappScripts/help.ts
FNF:0
FNH:0
DA:1,0
LF:1
LH:0
BRF:0
BRH:0
end_of_record
TN:
SF:/Users/ssen/Workspace/react-zeroconfig/src/webappScripts/index.ts
FN:18,webappScripts
FNF:1
FNH:0
FNDA:0,webappScripts
DA:1,0
DA:2,0
DA:3,0
DA:4,0
DA:5,0
DA:7,0
DA:8,0
DA:9,0
DA:10,0
DA:11,0
DA:12,0
DA:13,0
DA:14,0
DA:16,0
DA:18,0
DA:19,0
DA:20,0
DA:21,0
DA:24,0
DA:25,0
DA:27,0
DA:28,0
DA:29,0
DA:37,0
DA:39,0
DA:40,0
DA:42,0
DA:43,0
DA:45,0
DA:46,0
DA:47,0
DA:49,0
DA:50,0
DA:52,0
DA:53,0
DA:54,0
DA:56,0
DA:57,0
DA:58,0
DA:59,0
DA:60,0
DA:61,0
DA:62,0
DA:63,0
DA:64,0
DA:65,0
DA:66,0
DA:67,0
DA:68,0
DA:70,0
LF:50
LH:0
BRDA:18,0,0,0
BRDA:18,0,1,0
BRDA:47,1,0,0
BRDA:47,1,1,0
BRDA:47,1,2,0
BRDA:19,2,0,0
BRDA:19,2,1,0
BRDA:27,3,0,0
BRDA:27,3,1,0
BRDA:27,4,0,0
BRDA:27,4,1,0
BRDA:46,5,0,0
BRDA:46,5,1,0
BRDA:46,5,2,0
BRDA:46,5,3,0
BRDA:46,5,4,0
BRDA:52,6,0,0
BRDA:52,6,1,0
BRDA:53,7,0,0
BRDA:53,7,1,0
BRF:20
BRH:0
end_of_record
TN:
SF:/Users/ssen/Workspace/react-zeroconfig/src/webappScripts/parseWebappArgv.ts
FN:6,parseWebappArgv
FNF:1
FNH:1
FNDA:10,parseWebappArgv
DA:1,1
DA:2,1
DA:3,1
DA:4,1
DA:6,1
DA:7,10
DA:8,10
DA:10,10
DA:11,1
DA:14,9
DA:15,0
DA:18,9
DA:22,9
DA:23,9
DA:24,1
DA:27,9
LF:16
LH:15
BRDA:10,0,0,1
BRDA:10,0,1,9
BRDA:14,1,0,0
BRDA:14,1,1,9
BRDA:14,2,0,9
BRDA:14,2,1,8
BRDA:19,3,0,1
BRDA:19,3,1,8
BRDA:18,4,0,9
BRDA:18,4,1,2
BRDA:22,5,0,9
BRDA:22,5,1,8
BRDA:23,6,0,1
BRDA:23,6,1,8
BRDA:23,7,0,9
BRDA:23,7,1,1
BRDA:33,8,0,9
BRDA:33,8,1,8
BRDA:35,9,0,9
BRDA:35,9,1,8
BRDA:36,10,0,9
BRDA:36,10,1,8
BRDA:37,11,0,9
BRDA:37,11,1,8
BRDA:39,12,0,9
BRDA:39,12,1,9
BRDA:40,13,0,9
BRDA:40,13,1,8
BRDA:41,14,0,9
BRDA:41,14,1,8
BRF:30
BRH:29
end_of_record
TN:
SF:/Users/ssen/Workspace/react-zeroconfig/src/webappScripts/startBrowser.ts
FN:58,startBrowser
FN:107,(anonymous_3)
FN:128,(anonymous_4)
FN:170,(anonymous_5)
FN:199,(anonymous_6)
FNF:5
FNH:0
FNDA:0,startBrowser
FNDA:0,(anonymous_3)
FNDA:0,(anonymous_4)
FNDA:0,(anonymous_5)
FNDA:0,(anonymous_6)
DA:1,0
DA:2,0
DA:3,0
DA:4,0
DA:5,0
DA:7,0
DA:8,0
DA:9,0
DA:10,0
DA:11,0
DA:12,0
DA:14,0
DA:15,0
DA:16,0
DA:17,0
DA:58,0
DA:59,0
DA:60,0
DA:61,0
DA:62,0
DA:63,0
DA:64,0
DA:65,0
DA:66,0
DA:67,0
DA:68,0
DA:69,0
DA:70,0
DA:71,0
DA:72,0
DA:74,0
DA:107,0
DA:129,0
DA:130,0
DA:132,0
DA:151,0
DA:153,0
DA:162,0
DA:163,0
DA:169,0
DA:171,0
DA:172,0
DA:174,0
DA:179,0
DA:195,0
DA:198,0
DA:199,0
DA:200,0
LF:48
LH:0
BRDA:120,0,0,0
BRDA:120,0,1,0
BRDA:128,1,0,0
BRDA:128,1,1,0
BRDA:162,2,0,0
BRDA:162,2,1,0
BRDA:171,3,0,0
BRDA:171,3,1,0
BRDA:171,4,0,0
BRDA:171,4,1,0
BRDA:195,5,0,0
BRDA:195,5,1,0
BRDA:200,6,0,0
BRDA:200,6,1,0
BRF:14
BRH:0
end_of_record
TN:
SF:/Users/ssen/Workspace/react-zeroconfig/src/webappScripts/startServer.ts
FN:40,startServer
FNF:1
FNH:0
FNDA:0,startServer
DA:1,0
DA:2,0
DA:3,0
DA:4,0
DA:6,0
DA:40,0
DA:41,0
DA:42,0
DA:44,0
DA:45,0
DA:47,0
DA:49,0
DA:50,0
DA:51,0
DA:54,0
DA:56,0
LF:16
LH:0
BRDA:49,0,0,0
BRDA:49,0,1,0
BRF:2
BRH:0
end_of_record
TN:
SF:/Users/ssen/Workspace/react-zeroconfig/src/webappScripts/watchServer.ts
FN:45,watchServer
FN:106,(anonymous_3)
FN:110,(anonymous_4)
FNF:3
FNH:0
FNDA:0,watchServer
FNDA:0,(anonymous_3)
FNDA:0,(anonymous_4)
DA:1,0
DA:2,0
DA:4,0
DA:5,0
DA:6,0
DA:7,0
DA:9,0
DA:10,0
DA:11,0
DA:12,0
DA:45,0
DA:46,0
DA:47,0
DA:48,0
DA:49,0
DA:50,0
DA:51,0
DA:52,0
DA:54,0
DA:56,0
DA:57,0
DA:59,0
DA:105,0
DA:107,0
DA:108,0
DA:111,0
DA:112,0
LF:27
LH:0
BRF:0
BRH:0
end_of_record
TN:
SF:/Users/ssen/Workspace/react-zeroconfig/src/webpackConfigs/createWebpackBaseConfig.ts
FN:5,createWebpackBaseConfig
FNF:1
FNH:0
FNDA:0,createWebpackBaseConfig
DA:1,0
DA:2,0
DA:5,0
DA:6,0
DA:7,0
DA:9,0
DA:10,0
DA:13,0
LF:8
LH:0
BRDA:9,0,0,0
BRDA:9,0,1,0
BRDA:9,1,0,0
BRDA:9,1,1,0
BRF:4
BRH:0
end_of_record
TN:
SF:/Users/ssen/Workspace/react-zeroconfig/src/webpackConfigs/createWebpackEnvConfig.ts
FN:3,createWebpackEnvConfig
FNF:1
FNH:0
FNDA:0,createWebpackEnvConfig
DA:1,0
DA:3,0
DA:4,0
LF:3
LH:0
BRF:0
BRH:0
end_of_record
TN:
SF:/Users/ssen/Workspace/react-zeroconfig/src/webpackConfigs/createWebpackPackageConfig.ts
FN:6,createWebpackPackageConfig
FNF:1
FNH:0
FNDA:0,createWebpackPackageConfig
DA:2,0
DA:3,0
DA:4,0
DA:6,0
DA:7,0
DA:9,0
LF:6
LH:0
BRF:0
BRH:0
end_of_record
TN:
SF:/Users/ssen/Workspace/react-zeroconfig/src/webpackConfigs/createWebpackWebappConfig.ts
FN:14,createWebpackWebappConfig
FNF:1
FNH:0
FNDA:0,createWebpackWebappConfig
DA:1,0
DA:2,0
DA:3,0
DA:4,0
DA:5,0
DA:7,0
DA:8,0
DA:9,0
DA:10,0
DA:11,0
DA:12,0
DA:14,0
DA:15,0
DA:16,0
DA:18,0
LF:15
LH:0
BRDA:28,0,0,0
BRDA:28,0,1,0
BRDA:28,1,0,0
BRDA:28,1,1,0
BRDA:95,2,0,0
BRDA:95,2,1,0
BRF:6
BRH:0
end_of_record
TN:
SF:/Users/ssen/Workspace/react-zeroconfig/src/webpackConfigs/getWebpackAlias.ts
FN:4,getWebpackAlias
FN:10,(anonymous_1)
FN:11,(anonymous_2)
FN:12,(anonymous_3)
FN:13,(anonymous_4)
FN:17,(anonymous_5)
FN:18,(anonymous_6)
FN:19,(anonymous_7)
FNF:8
FNH:0
FNDA:0,getWebpackAlias
FNDA:0,(anonymous_1)
FNDA:0,(anonymous_2)
FNDA:0,(anonymous_3)
FNDA:0,(anonymous_4)
FNDA:0,(anonymous_5)
FNDA:0,(anonymous_6)
FNDA:0,(anonymous_7)
DA:1,0
DA:2,0
DA:4,0
DA:5,0
DA:6,0
DA:7,0
DA:9,0
DA:10,0
DA:11,0
DA:12,0
DA:13,0
DA:15,0
DA:16,0
DA:17,0
DA:18,0
DA:19,0
DA:22,0
LF:17
LH:0
BRDA:15,0,0,0
BRDA:15,0,1,0
BRDA:15,1,0,0
BRDA:15,1,1,0
BRF:4
BRH:0
end_of_record
TN:
SF:/Users/ssen/Workspace/react-zeroconfig/src/webpackConfigs/getWebpackDataURILoaders.ts
FN:3,getWebpackDataURILoaders
FNF:1
FNH:0
FNDA:0,getWebpackDataURILoaders
DA:3,0
DA:4,0
LF:2
LH:0
BRF:0
BRH:0
end_of_record
TN:
SF:/Users/ssen/Workspace/react-zeroconfig/src/webpackConfigs/getWebpackFileLoaders.ts
FN:3,getWebpackFileLoaders
FNF:1
FNH:0
FNDA:0,getWebpackFileLoaders
DA:3,0
DA:4,0
LF:2
LH:0
BRF:0
BRH:0
end_of_record
TN:
SF:/Users/ssen/Workspace/react-zeroconfig/src/webpackConfigs/getWebpackRawLoaders.ts
FN:3,getWebpackRawLoaders
FNF:1
FNH:0
FNDA:0,getWebpackRawLoaders
DA:3,0
DA:4,0
LF:2
LH:0
BRF:0
BRH:0
end_of_record
TN:
SF:/Users/ssen/Workspace/react-zeroconfig/src/webpackConfigs/getWebpackScriptLoaders.ts
FN:18,getWebpackScriptLoaders
FNF:1
FNH:0
FNDA:0,getWebpackScriptLoaders
DA:1,0
DA:3,0
DA:18,0
DA:19,0
DA:21,0
DA:22,0
DA:24,0
DA:25,0
DA:37,0
DA:38,0
DA:40,0
DA:62,0
LF:12
LH:0
BRDA:37,0,0,0
BRDA:37,0,1,0
BRF:2
BRH:0
end_of_record
TN:
SF:/Users/ssen/Workspace/react-zeroconfig/src/webpackConfigs/getWebpackStyleLoaders.ts
FN:13,getWebpackStyleLoaders
FN:23,(anonymous_1)
FNF:2
FNH:0
FNDA:0,getWebpackStyleLoaders
FNDA:0,(anonymous_1)
DA:1,0
DA:2,0
DA:13,0
DA:14,0
DA:18,0
DA:23,0
DA:37,0
DA:50,0
DA:65,0
DA:66,0
DA:74,0
DA:75,0
DA:78,0
LF:13
LH:0
BRDA:15,0,0,0
BRDA:15,0,1,0
BRDA:43,1,0,0
BRDA:43,1,1,0
BRDA:56,2,0,0
BRDA:56,2,1,0
BRDA:65,3,0,0
BRDA:65,3,1,0
BRF:8
BRH:0
end_of_record
TN:
SF:/Users/ssen/Workspace/react-zeroconfig/src/webpackConfigs/webpackRuleSet.d.ts
FNF:0
FNH:0
LF:0
LH:0
BRF:0
BRH:0
end_of_record
